-------------------------------------------------------------------------------
Test set: com.alttester.TestsSampleScene1
-------------------------------------------------------------------------------
Tests run: 103, Failures: 2, Errors: 1, Skipped: 0, Time elapsed: 141.08 s <<< FAILURE! - in com.alttester.TestsSampleScene1
testGetComponentPropertyInvalidDeserialization  Time elapsed: 0.552 s  <<< FAILURE!
org.opentest4j.AssertionFailedError: expected: <Could not deserialize response data: `true` into int> but was: <Could not deserialize response data: `false` into int>
	at com.alttester.TestsSampleScene1.testGetComponentPropertyInvalidDeserialization(TestsSampleScene1.java:516)

TestWaitForComponentPropertyMultipleTypes  Time elapsed: 28.163 s  <<< ERROR!
com.alttester.altTesterExceptions.WaitTimeOutException: Property transform was "[[],[[]],[[]],[[]],[[]],[[],[]],[[[],[],[]]],[],[],[[]],[[]],[[]]]" and was not "[[],[[]],[[]],[[]],[[]],[[],[],[]],[[[],[],[]]],[],[],[[]],[[]],[[]]]" after 20.0 seconds
	at com.alttester.TestsSampleScene1.TestWaitForComponentPropertyMultipleTypes(TestsSampleScene1.java:418)

testGetComponentProperty  Time elapsed: 1.556 s  <<< FAILURE!
org.opentest4j.AssertionFailedError: expected: <true> but was: <false>
	at com.alttester.TestsSampleScene1.testGetComponentProperty(TestsSampleScene1.java:332)

