<?xml version="1.0" encoding="UTF-8"?>
<testsuite xmlns:xsi="http://www.w3.org/2001/XMLSchema-instance" xsi:noNamespaceSchemaLocation="https://maven.apache.org/surefire/maven-surefire-plugin/xsd/surefire-test-report.xsd" name="com.alttester.Commands.TestsAltCommands" time="62.3" tests="1" errors="1" skipped="0" failures="0">
  <properties>
[...]
</properties>
  <testcase name="testSetServerLogging" classname="com.alttester.Commands.TestsAltCommands" time="62.177">
    <error message="Failed to connect to AltTester on host: 127.0.0.1 port: 13000." type="com.alttester.altTesterExceptions.ConnectionTimeoutException">com.alttester.altTesterExceptions.ConnectionTimeoutException: Failed to connect to AltTester on host: 127.0.0.1 port: 13000.
	at com.alttester.Commands.TestsAltCommands.testSetServerLogging(TestsAltCommands.java:42)
Caused by: java.net.ConnectException: Connection refused: no further information
</error>
    <system-out><![CDATA[Connecting to AltTester on host: '127.0.0.1', port: '13000' and appName: '__default__'.
Connecting to: 'ws://127.0.0.1:13000/altws?appName=__default__&platform=unknown&platformVersion=unknown&deviceInstanceId=unknown&appId=unknown&driverType=SDK'.
Retrying #1 to: 'ws://127.0.0.1:13000/altws?appName=__default__&platform=unknown&platformVersion=unknown&deviceInstanceId=unknown&appId=unknown&driverType=SDK'.
Retrying #2 to: 'ws://127.0.0.1:13000/altws?appName=__default__&platform=unknown&platformVersion=unknown&deviceInstanceId=unknown&appId=unknown&driverType=SDK'.
Retrying #3 to: 'ws://127.0.0.1:13000/altws?appName=__default__&platform=unknown&platformVersion=unknown&deviceInstanceId=unknown&appId=unknown&driverType=SDK'.
Retrying #4 to: 'ws://127.0.0.1:13000/altws?appName=__default__&platform=unknown&platformVersion=unknown&deviceInstanceId=unknown&appId=unknown&driverType=SDK'.
Retrying #5 to: 'ws://127.0.0.1:13000/altws?appName=__default__&platform=unknown&platformVersion=unknown&deviceInstanceId=unknown&appId=unknown&driverType=SDK'.
Retrying #6 to: 'ws://127.0.0.1:13000/altws?appName=__default__&platform=unknown&platformVersion=unknown&deviceInstanceId=unknown&appId=unknown&driverType=SDK'.
Retrying #7 to: 'ws://127.0.0.1:13000/altws?appName=__default__&platform=unknown&platformVersion=unknown&deviceInstanceId=unknown&appId=unknown&driverType=SDK'.
Retrying #8 to: 'ws://127.0.0.1:13000/altws?appName=__default__&platform=unknown&platformVersion=unknown&deviceInstanceId=unknown&appId=unknown&driverType=SDK'.
Retrying #9 to: 'ws://127.0.0.1:13000/altws?appName=__default__&platform=unknown&platformVersion=unknown&deviceInstanceId=unknown&appId=unknown&driverType=SDK'.
Retrying #10 to: 'ws://127.0.0.1:13000/altws?appName=__default__&platform=unknown&platformVersion=unknown&deviceInstanceId=unknown&appId=unknown&driverType=SDK'.
Retrying #11 to: 'ws://127.0.0.1:13000/altws?appName=__default__&platform=unknown&platformVersion=unknown&deviceInstanceId=unknown&appId=unknown&driverType=SDK'.
Retrying #12 to: 'ws://127.0.0.1:13000/altws?appName=__default__&platform=unknown&platformVersion=unknown&deviceInstanceId=unknown&appId=unknown&driverType=SDK'.
Retrying #13 to: 'ws://127.0.0.1:13000/altws?appName=__default__&platform=unknown&platformVersion=unknown&deviceInstanceId=unknown&appId=unknown&driverType=SDK'.
Retrying #14 to: 'ws://127.0.0.1:13000/altws?appName=__default__&platform=unknown&platformVersion=unknown&deviceInstanceId=unknown&appId=unknown&driverType=SDK'.
Retrying #15 to: 'ws://127.0.0.1:13000/altws?appName=__default__&platform=unknown&platformVersion=unknown&deviceInstanceId=unknown&appId=unknown&driverType=SDK'.
Retrying #16 to: 'ws://127.0.0.1:13000/altws?appName=__default__&platform=unknown&platformVersion=unknown&deviceInstanceId=unknown&appId=unknown&driverType=SDK'.
Retrying #17 to: 'ws://127.0.0.1:13000/altws?appName=__default__&platform=unknown&platformVersion=unknown&deviceInstanceId=unknown&appId=unknown&driverType=SDK'.
Retrying #18 to: 'ws://127.0.0.1:13000/altws?appName=__default__&platform=unknown&platformVersion=unknown&deviceInstanceId=unknown&appId=unknown&driverType=SDK'.
Retrying #19 to: 'ws://127.0.0.1:13000/altws?appName=__default__&platform=unknown&platformVersion=unknown&deviceInstanceId=unknown&appId=unknown&driverType=SDK'.
Retrying #20 to: 'ws://127.0.0.1:13000/altws?appName=__default__&platform=unknown&platformVersion=unknown&deviceInstanceId=unknown&appId=unknown&driverType=SDK'.
Retrying #21 to: 'ws://127.0.0.1:13000/altws?appName=__default__&platform=unknown&platformVersion=unknown&deviceInstanceId=unknown&appId=unknown&driverType=SDK'.
Retrying #22 to: 'ws://127.0.0.1:13000/altws?appName=__default__&platform=unknown&platformVersion=unknown&deviceInstanceId=unknown&appId=unknown&driverType=SDK'.
Retrying #23 to: 'ws://127.0.0.1:13000/altws?appName=__default__&platform=unknown&platformVersion=unknown&deviceInstanceId=unknown&appId=unknown&driverType=SDK'.
Retrying #24 to: 'ws://127.0.0.1:13000/altws?appName=__default__&platform=unknown&platformVersion=unknown&deviceInstanceId=unknown&appId=unknown&driverType=SDK'.
Retrying #25 to: 'ws://127.0.0.1:13000/altws?appName=__default__&platform=unknown&platformVersion=unknown&deviceInstanceId=unknown&appId=unknown&driverType=SDK'.
Retrying #26 to: 'ws://127.0.0.1:13000/altws?appName=__default__&platform=unknown&platformVersion=unknown&deviceInstanceId=unknown&appId=unknown&driverType=SDK'.
Retrying #27 to: 'ws://127.0.0.1:13000/altws?appName=__default__&platform=unknown&platformVersion=unknown&deviceInstanceId=unknown&appId=unknown&driverType=SDK'.
Retrying #28 to: 'ws://127.0.0.1:13000/altws?appName=__default__&platform=unknown&platformVersion=unknown&deviceInstanceId=unknown&appId=unknown&driverType=SDK'.
Retrying #29 to: 'ws://127.0.0.1:13000/altws?appName=__default__&platform=unknown&platformVersion=unknown&deviceInstanceId=unknown&appId=unknown&driverType=SDK'.
Retrying #30 to: 'ws://127.0.0.1:13000/altws?appName=__default__&platform=unknown&platformVersion=unknown&deviceInstanceId=unknown&appId=unknown&driverType=SDK'.
Retrying #31 to: 'ws://127.0.0.1:13000/altws?appName=__default__&platform=unknown&platformVersion=unknown&deviceInstanceId=unknown&appId=unknown&driverType=SDK'.
Retrying #32 to: 'ws://127.0.0.1:13000/altws?appName=__default__&platform=unknown&platformVersion=unknown&deviceInstanceId=unknown&appId=unknown&driverType=SDK'.
Retrying #33 to: 'ws://127.0.0.1:13000/altws?appName=__default__&platform=unknown&platformVersion=unknown&deviceInstanceId=unknown&appId=unknown&driverType=SDK'.
Retrying #34 to: 'ws://127.0.0.1:13000/altws?appName=__default__&platform=unknown&platformVersion=unknown&deviceInstanceId=unknown&appId=unknown&driverType=SDK'.
Retrying #35 to: 'ws://127.0.0.1:13000/altws?appName=__default__&platform=unknown&platformVersion=unknown&deviceInstanceId=unknown&appId=unknown&driverType=SDK'.
Retrying #36 to: 'ws://127.0.0.1:13000/altws?appName=__default__&platform=unknown&platformVersion=unknown&deviceInstanceId=unknown&appId=unknown&driverType=SDK'.
Retrying #37 to: 'ws://127.0.0.1:13000/altws?appName=__default__&platform=unknown&platformVersion=unknown&deviceInstanceId=unknown&appId=unknown&driverType=SDK'.
Retrying #38 to: 'ws://127.0.0.1:13000/altws?appName=__default__&platform=unknown&platformVersion=unknown&deviceInstanceId=unknown&appId=unknown&driverType=SDK'.
Retrying #39 to: 'ws://127.0.0.1:13000/altws?appName=__default__&platform=unknown&platformVersion=unknown&deviceInstanceId=unknown&appId=unknown&driverType=SDK'.
Retrying #40 to: 'ws://127.0.0.1:13000/altws?appName=__default__&platform=unknown&platformVersion=unknown&deviceInstanceId=unknown&appId=unknown&driverType=SDK'.
Retrying #41 to: 'ws://127.0.0.1:13000/altws?appName=__default__&platform=unknown&platformVersion=unknown&deviceInstanceId=unknown&appId=unknown&driverType=SDK'.
Retrying #42 to: 'ws://127.0.0.1:13000/altws?appName=__default__&platform=unknown&platformVersion=unknown&deviceInstanceId=unknown&appId=unknown&driverType=SDK'.
Retrying #43 to: 'ws://127.0.0.1:13000/altws?appName=__default__&platform=unknown&platformVersion=unknown&deviceInstanceId=unknown&appId=unknown&driverType=SDK'.
Retrying #44 to: 'ws://127.0.0.1:13000/altws?appName=__default__&platform=unknown&platformVersion=unknown&deviceInstanceId=unknown&appId=unknown&driverType=SDK'.
Retrying #45 to: 'ws://127.0.0.1:13000/altws?appName=__default__&platform=unknown&platformVersion=unknown&deviceInstanceId=unknown&appId=unknown&driverType=SDK'.
Retrying #46 to: 'ws://127.0.0.1:13000/altws?appName=__default__&platform=unknown&platformVersion=unknown&deviceInstanceId=unknown&appId=unknown&driverType=SDK'.
Retrying #47 to: 'ws://127.0.0.1:13000/altws?appName=__default__&platform=unknown&platformVersion=unknown&deviceInstanceId=unknown&appId=unknown&driverType=SDK'.
Retrying #48 to: 'ws://127.0.0.1:13000/altws?appName=__default__&platform=unknown&platformVersion=unknown&deviceInstanceId=unknown&appId=unknown&driverType=SDK'.
Retrying #49 to: 'ws://127.0.0.1:13000/altws?appName=__default__&platform=unknown&platformVersion=unknown&deviceInstanceId=unknown&appId=unknown&driverType=SDK'.
Retrying #50 to: 'ws://127.0.0.1:13000/altws?appName=__default__&platform=unknown&platformVersion=unknown&deviceInstanceId=unknown&appId=unknown&driverType=SDK'.
Retrying #51 to: 'ws://127.0.0.1:13000/altws?appName=__default__&platform=unknown&platformVersion=unknown&deviceInstanceId=unknown&appId=unknown&driverType=SDK'.
Retrying #52 to: 'ws://127.0.0.1:13000/altws?appName=__default__&platform=unknown&platformVersion=unknown&deviceInstanceId=unknown&appId=unknown&driverType=SDK'.
Retrying #53 to: 'ws://127.0.0.1:13000/altws?appName=__default__&platform=unknown&platformVersion=unknown&deviceInstanceId=unknown&appId=unknown&driverType=SDK'.
Retrying #54 to: 'ws://127.0.0.1:13000/altws?appName=__default__&platform=unknown&platformVersion=unknown&deviceInstanceId=unknown&appId=unknown&driverType=SDK'.
Retrying #55 to: 'ws://127.0.0.1:13000/altws?appName=__default__&platform=unknown&platformVersion=unknown&deviceInstanceId=unknown&appId=unknown&driverType=SDK'.
Retrying #56 to: 'ws://127.0.0.1:13000/altws?appName=__default__&platform=unknown&platformVersion=unknown&deviceInstanceId=unknown&appId=unknown&driverType=SDK'.
Retrying #57 to: 'ws://127.0.0.1:13000/altws?appName=__default__&platform=unknown&platformVersion=unknown&deviceInstanceId=unknown&appId=unknown&driverType=SDK'.
Retrying #58 to: 'ws://127.0.0.1:13000/altws?appName=__default__&platform=unknown&platformVersion=unknown&deviceInstanceId=unknown&appId=unknown&driverType=SDK'.
Retrying #59 to: 'ws://127.0.0.1:13000/altws?appName=__default__&platform=unknown&platformVersion=unknown&deviceInstanceId=unknown&appId=unknown&driverType=SDK'.
Retrying #60 to: 'ws://127.0.0.1:13000/altws?appName=__default__&platform=unknown&platformVersion=unknown&deviceInstanceId=unknown&appId=unknown&driverType=SDK'.
Retrying #61 to: 'ws://127.0.0.1:13000/altws?appName=__default__&platform=unknown&platformVersion=unknown&deviceInstanceId=unknown&appId=unknown&driverType=SDK'.
Retrying #62 to: 'ws://127.0.0.1:13000/altws?appName=__default__&platform=unknown&platformVersion=unknown&deviceInstanceId=unknown&appId=unknown&driverType=SDK'.
Retrying #63 to: 'ws://127.0.0.1:13000/altws?appName=__default__&platform=unknown&platformVersion=unknown&deviceInstanceId=unknown&appId=unknown&driverType=SDK'.
Retrying #64 to: 'ws://127.0.0.1:13000/altws?appName=__default__&platform=unknown&platformVersion=unknown&deviceInstanceId=unknown&appId=unknown&driverType=SDK'.
Retrying #65 to: 'ws://127.0.0.1:13000/altws?appName=__default__&platform=unknown&platformVersion=unknown&deviceInstanceId=unknown&appId=unknown&driverType=SDK'.
Retrying #66 to: 'ws://127.0.0.1:13000/altws?appName=__default__&platform=unknown&platformVersion=unknown&deviceInstanceId=unknown&appId=unknown&driverType=SDK'.
Retrying #67 to: 'ws://127.0.0.1:13000/altws?appName=__default__&platform=unknown&platformVersion=unknown&deviceInstanceId=unknown&appId=unknown&driverType=SDK'.
Retrying #68 to: 'ws://127.0.0.1:13000/altws?appName=__default__&platform=unknown&platformVersion=unknown&deviceInstanceId=unknown&appId=unknown&driverType=SDK'.
Retrying #69 to: 'ws://127.0.0.1:13000/altws?appName=__default__&platform=unknown&platformVersion=unknown&deviceInstanceId=unknown&appId=unknown&driverType=SDK'.
Retrying #70 to: 'ws://127.0.0.1:13000/altws?appName=__default__&platform=unknown&platformVersion=unknown&deviceInstanceId=unknown&appId=unknown&driverType=SDK'.
Retrying #71 to: 'ws://127.0.0.1:13000/altws?appName=__default__&platform=unknown&platformVersion=unknown&deviceInstanceId=unknown&appId=unknown&driverType=SDK'.
Retrying #72 to: 'ws://127.0.0.1:13000/altws?appName=__default__&platform=unknown&platformVersion=unknown&deviceInstanceId=unknown&appId=unknown&driverType=SDK'.
Retrying #73 to: 'ws://127.0.0.1:13000/altws?appName=__default__&platform=unknown&platformVersion=unknown&deviceInstanceId=unknown&appId=unknown&driverType=SDK'.
Retrying #74 to: 'ws://127.0.0.1:13000/altws?appName=__default__&platform=unknown&platformVersion=unknown&deviceInstanceId=unknown&appId=unknown&driverType=SDK'.
Retrying #75 to: 'ws://127.0.0.1:13000/altws?appName=__default__&platform=unknown&platformVersion=unknown&deviceInstanceId=unknown&appId=unknown&driverType=SDK'.
Retrying #76 to: 'ws://127.0.0.1:13000/altws?appName=__default__&platform=unknown&platformVersion=unknown&deviceInstanceId=unknown&appId=unknown&driverType=SDK'.
Retrying #77 to: 'ws://127.0.0.1:13000/altws?appName=__default__&platform=unknown&platformVersion=unknown&deviceInstanceId=unknown&appId=unknown&driverType=SDK'.
Retrying #78 to: 'ws://127.0.0.1:13000/altws?appName=__default__&platform=unknown&platformVersion=unknown&deviceInstanceId=unknown&appId=unknown&driverType=SDK'.
Retrying #79 to: 'ws://127.0.0.1:13000/altws?appName=__default__&platform=unknown&platformVersion=unknown&deviceInstanceId=unknown&appId=unknown&driverType=SDK'.
Retrying #80 to: 'ws://127.0.0.1:13000/altws?appName=__default__&platform=unknown&platformVersion=unknown&deviceInstanceId=unknown&appId=unknown&driverType=SDK'.
Retrying #81 to: 'ws://127.0.0.1:13000/altws?appName=__default__&platform=unknown&platformVersion=unknown&deviceInstanceId=unknown&appId=unknown&driverType=SDK'.
Retrying #82 to: 'ws://127.0.0.1:13000/altws?appName=__default__&platform=unknown&platformVersion=unknown&deviceInstanceId=unknown&appId=unknown&driverType=SDK'.
Retrying #83 to: 'ws://127.0.0.1:13000/altws?appName=__default__&platform=unknown&platformVersion=unknown&deviceInstanceId=unknown&appId=unknown&driverType=SDK'.
Retrying #84 to: 'ws://127.0.0.1:13000/altws?appName=__default__&platform=unknown&platformVersion=unknown&deviceInstanceId=unknown&appId=unknown&driverType=SDK'.
Retrying #85 to: 'ws://127.0.0.1:13000/altws?appName=__default__&platform=unknown&platformVersion=unknown&deviceInstanceId=unknown&appId=unknown&driverType=SDK'.
Retrying #86 to: 'ws://127.0.0.1:13000/altws?appName=__default__&platform=unknown&platformVersion=unknown&deviceInstanceId=unknown&appId=unknown&driverType=SDK'.
Retrying #87 to: 'ws://127.0.0.1:13000/altws?appName=__default__&platform=unknown&platformVersion=unknown&deviceInstanceId=unknown&appId=unknown&driverType=SDK'.
Retrying #88 to: 'ws://127.0.0.1:13000/altws?appName=__default__&platform=unknown&platformVersion=unknown&deviceInstanceId=unknown&appId=unknown&driverType=SDK'.
Retrying #89 to: 'ws://127.0.0.1:13000/altws?appName=__default__&platform=unknown&platformVersion=unknown&deviceInstanceId=unknown&appId=unknown&driverType=SDK'.
Retrying #90 to: 'ws://127.0.0.1:13000/altws?appName=__default__&platform=unknown&platformVersion=unknown&deviceInstanceId=unknown&appId=unknown&driverType=SDK'.
Retrying #91 to: 'ws://127.0.0.1:13000/altws?appName=__default__&platform=unknown&platformVersion=unknown&deviceInstanceId=unknown&appId=unknown&driverType=SDK'.
Retrying #92 to: 'ws://127.0.0.1:13000/altws?appName=__default__&platform=unknown&platformVersion=unknown&deviceInstanceId=unknown&appId=unknown&driverType=SDK'.
Retrying #93 to: 'ws://127.0.0.1:13000/altws?appName=__default__&platform=unknown&platformVersion=unknown&deviceInstanceId=unknown&appId=unknown&driverType=SDK'.
Retrying #94 to: 'ws://127.0.0.1:13000/altws?appName=__default__&platform=unknown&platformVersion=unknown&deviceInstanceId=unknown&appId=unknown&driverType=SDK'.
Retrying #95 to: 'ws://127.0.0.1:13000/altws?appName=__default__&platform=unknown&platformVersion=unknown&deviceInstanceId=unknown&appId=unknown&driverType=SDK'.
Retrying #96 to: 'ws://127.0.0.1:13000/altws?appName=__default__&platform=unknown&platformVersion=unknown&deviceInstanceId=unknown&appId=unknown&driverType=SDK'.
Retrying #97 to: 'ws://127.0.0.1:13000/altws?appName=__default__&platform=unknown&platformVersion=unknown&deviceInstanceId=unknown&appId=unknown&driverType=SDK'.
Retrying #98 to: 'ws://127.0.0.1:13000/altws?appName=__default__&platform=unknown&platformVersion=unknown&deviceInstanceId=unknown&appId=unknown&driverType=SDK'.
Retrying #99 to: 'ws://127.0.0.1:13000/altws?appName=__default__&platform=unknown&platformVersion=unknown&deviceInstanceId=unknown&appId=unknown&driverType=SDK'.
Retrying #100 to: 'ws://127.0.0.1:13000/altws?appName=__default__&platform=unknown&platformVersion=unknown&deviceInstanceId=unknown&appId=unknown&driverType=SDK'.
Retrying #101 to: 'ws://127.0.0.1:13000/altws?appName=__default__&platform=unknown&platformVersion=unknown&deviceInstanceId=unknown&appId=unknown&driverType=SDK'.
Retrying #102 to: 'ws://127.0.0.1:13000/altws?appName=__default__&platform=unknown&platformVersion=unknown&deviceInstanceId=unknown&appId=unknown&driverType=SDK'.
Retrying #103 to: 'ws://127.0.0.1:13000/altws?appName=__default__&platform=unknown&platformVersion=unknown&deviceInstanceId=unknown&appId=unknown&driverType=SDK'.
Retrying #104 to: 'ws://127.0.0.1:13000/altws?appName=__default__&platform=unknown&platformVersion=unknown&deviceInstanceId=unknown&appId=unknown&driverType=SDK'.
Retrying #105 to: 'ws://127.0.0.1:13000/altws?appName=__default__&platform=unknown&platformVersion=unknown&deviceInstanceId=unknown&appId=unknown&driverType=SDK'.
Retrying #106 to: 'ws://127.0.0.1:13000/altws?appName=__default__&platform=unknown&platformVersion=unknown&deviceInstanceId=unknown&appId=unknown&driverType=SDK'.
Retrying #107 to: 'ws://127.0.0.1:13000/altws?appName=__default__&platform=unknown&platformVersion=unknown&deviceInstanceId=unknown&appId=unknown&driverType=SDK'.
Retrying #108 to: 'ws://127.0.0.1:13000/altws?appName=__default__&platform=unknown&platformVersion=unknown&deviceInstanceId=unknown&appId=unknown&driverType=SDK'.
Retrying #109 to: 'ws://127.0.0.1:13000/altws?appName=__default__&platform=unknown&platformVersion=unknown&deviceInstanceId=unknown&appId=unknown&driverType=SDK'.
Retrying #110 to: 'ws://127.0.0.1:13000/altws?appName=__default__&platform=unknown&platformVersion=unknown&deviceInstanceId=unknown&appId=unknown&driverType=SDK'.
Retrying #111 to: 'ws://127.0.0.1:13000/altws?appName=__default__&platform=unknown&platformVersion=unknown&deviceInstanceId=unknown&appId=unknown&driverType=SDK'.
Retrying #112 to: 'ws://127.0.0.1:13000/altws?appName=__default__&platform=unknown&platformVersion=unknown&deviceInstanceId=unknown&appId=unknown&driverType=SDK'.
Retrying #113 to: 'ws://127.0.0.1:13000/altws?appName=__default__&platform=unknown&platformVersion=unknown&deviceInstanceId=unknown&appId=unknown&driverType=SDK'.
Retrying #114 to: 'ws://127.0.0.1:13000/altws?appName=__default__&platform=unknown&platformVersion=unknown&deviceInstanceId=unknown&appId=unknown&driverType=SDK'.
Retrying #115 to: 'ws://127.0.0.1:13000/altws?appName=__default__&platform=unknown&platformVersion=unknown&deviceInstanceId=unknown&appId=unknown&driverType=SDK'.
Retrying #116 to: 'ws://127.0.0.1:13000/altws?appName=__default__&platform=unknown&platformVersion=unknown&deviceInstanceId=unknown&appId=unknown&driverType=SDK'.
Retrying #117 to: 'ws://127.0.0.1:13000/altws?appName=__default__&platform=unknown&platformVersion=unknown&deviceInstanceId=unknown&appId=unknown&driverType=SDK'.
Retrying #118 to: 'ws://127.0.0.1:13000/altws?appName=__default__&platform=unknown&platformVersion=unknown&deviceInstanceId=unknown&appId=unknown&driverType=SDK'.
Retrying #119 to: 'ws://127.0.0.1:13000/altws?appName=__default__&platform=unknown&platformVersion=unknown&deviceInstanceId=unknown&appId=unknown&driverType=SDK'.
Retrying #120 to: 'ws://127.0.0.1:13000/altws?appName=__default__&platform=unknown&platformVersion=unknown&deviceInstanceId=unknown&appId=unknown&driverType=SDK'.
Retrying #121 to: 'ws://127.0.0.1:13000/altws?appName=__default__&platform=unknown&platformVersion=unknown&deviceInstanceId=unknown&appId=unknown&driverType=SDK'.
Retrying #122 to: 'ws://127.0.0.1:13000/altws?appName=__default__&platform=unknown&platformVersion=unknown&deviceInstanceId=unknown&appId=unknown&driverType=SDK'.
Retrying #123 to: 'ws://127.0.0.1:13000/altws?appName=__default__&platform=unknown&platformVersion=unknown&deviceInstanceId=unknown&appId=unknown&driverType=SDK'.
Retrying #124 to: 'ws://127.0.0.1:13000/altws?appName=__default__&platform=unknown&platformVersion=unknown&deviceInstanceId=unknown&appId=unknown&driverType=SDK'.
Retrying #125 to: 'ws://127.0.0.1:13000/altws?appName=__default__&platform=unknown&platformVersion=unknown&deviceInstanceId=unknown&appId=unknown&driverType=SDK'.
Retrying #126 to: 'ws://127.0.0.1:13000/altws?appName=__default__&platform=unknown&platformVersion=unknown&deviceInstanceId=unknown&appId=unknown&driverType=SDK'.
Retrying #127 to: 'ws://127.0.0.1:13000/altws?appName=__default__&platform=unknown&platformVersion=unknown&deviceInstanceId=unknown&appId=unknown&driverType=SDK'.
Retrying #128 to: 'ws://127.0.0.1:13000/altws?appName=__default__&platform=unknown&platformVersion=unknown&deviceInstanceId=unknown&appId=unknown&driverType=SDK'.
Retrying #129 to: 'ws://127.0.0.1:13000/altws?appName=__default__&platform=unknown&platformVersion=unknown&deviceInstanceId=unknown&appId=unknown&driverType=SDK'.
Retrying #130 to: 'ws://127.0.0.1:13000/altws?appName=__default__&platform=unknown&platformVersion=unknown&deviceInstanceId=unknown&appId=unknown&driverType=SDK'.
Retrying #131 to: 'ws://127.0.0.1:13000/altws?appName=__default__&platform=unknown&platformVersion=unknown&deviceInstanceId=unknown&appId=unknown&driverType=SDK'.
Retrying #132 to: 'ws://127.0.0.1:13000/altws?appName=__default__&platform=unknown&platformVersion=unknown&deviceInstanceId=unknown&appId=unknown&driverType=SDK'.
Retrying #133 to: 'ws://127.0.0.1:13000/altws?appName=__default__&platform=unknown&platformVersion=unknown&deviceInstanceId=unknown&appId=unknown&driverType=SDK'.
Retrying #134 to: 'ws://127.0.0.1:13000/altws?appName=__default__&platform=unknown&platformVersion=unknown&deviceInstanceId=unknown&appId=unknown&driverType=SDK'.
Retrying #135 to: 'ws://127.0.0.1:13000/altws?appName=__default__&platform=unknown&platformVersion=unknown&deviceInstanceId=unknown&appId=unknown&driverType=SDK'.
Retrying #136 to: 'ws://127.0.0.1:13000/altws?appName=__default__&platform=unknown&platformVersion=unknown&deviceInstanceId=unknown&appId=unknown&driverType=SDK'.
Retrying #137 to: 'ws://127.0.0.1:13000/altws?appName=__default__&platform=unknown&platformVersion=unknown&deviceInstanceId=unknown&appId=unknown&driverType=SDK'.
Retrying #138 to: 'ws://127.0.0.1:13000/altws?appName=__default__&platform=unknown&platformVersion=unknown&deviceInstanceId=unknown&appId=unknown&driverType=SDK'.
Retrying #139 to: 'ws://127.0.0.1:13000/altws?appName=__default__&platform=unknown&platformVersion=unknown&deviceInstanceId=unknown&appId=unknown&driverType=SDK'.
Retrying #140 to: 'ws://127.0.0.1:13000/altws?appName=__default__&platform=unknown&platformVersion=unknown&deviceInstanceId=unknown&appId=unknown&driverType=SDK'.
Retrying #141 to: 'ws://127.0.0.1:13000/altws?appName=__default__&platform=unknown&platformVersion=unknown&deviceInstanceId=unknown&appId=unknown&driverType=SDK'.
Retrying #142 to: 'ws://127.0.0.1:13000/altws?appName=__default__&platform=unknown&platformVersion=unknown&deviceInstanceId=unknown&appId=unknown&driverType=SDK'.
Retrying #143 to: 'ws://127.0.0.1:13000/altws?appName=__default__&platform=unknown&platformVersion=unknown&deviceInstanceId=unknown&appId=unknown&driverType=SDK'.
Retrying #144 to: 'ws://127.0.0.1:13000/altws?appName=__default__&platform=unknown&platformVersion=unknown&deviceInstanceId=unknown&appId=unknown&driverType=SDK'.
Retrying #145 to: 'ws://127.0.0.1:13000/altws?appName=__default__&platform=unknown&platformVersion=unknown&deviceInstanceId=unknown&appId=unknown&driverType=SDK'.
Retrying #146 to: 'ws://127.0.0.1:13000/altws?appName=__default__&platform=unknown&platformVersion=unknown&deviceInstanceId=unknown&appId=unknown&driverType=SDK'.
Retrying #147 to: 'ws://127.0.0.1:13000/altws?appName=__default__&platform=unknown&platformVersion=unknown&deviceInstanceId=unknown&appId=unknown&driverType=SDK'.
Retrying #148 to: 'ws://127.0.0.1:13000/altws?appName=__default__&platform=unknown&platformVersion=unknown&deviceInstanceId=unknown&appId=unknown&driverType=SDK'.
Retrying #149 to: 'ws://127.0.0.1:13000/altws?appName=__default__&platform=unknown&platformVersion=unknown&deviceInstanceId=unknown&appId=unknown&driverType=SDK'.
Retrying #150 to: 'ws://127.0.0.1:13000/altws?appName=__default__&platform=unknown&platformVersion=unknown&deviceInstanceId=unknown&appId=unknown&driverType=SDK'.
Retrying #151 to: 'ws://127.0.0.1:13000/altws?appName=__default__&platform=unknown&platformVersion=unknown&deviceInstanceId=unknown&appId=unknown&driverType=SDK'.
Retrying #152 to: 'ws://127.0.0.1:13000/altws?appName=__default__&platform=unknown&platformVersion=unknown&deviceInstanceId=unknown&appId=unknown&driverType=SDK'.
Retrying #153 to: 'ws://127.0.0.1:13000/altws?appName=__default__&platform=unknown&platformVersion=unknown&deviceInstanceId=unknown&appId=unknown&driverType=SDK'.
Retrying #154 to: 'ws://127.0.0.1:13000/altws?appName=__default__&platform=unknown&platformVersion=unknown&deviceInstanceId=unknown&appId=unknown&driverType=SDK'.
Retrying #155 to: 'ws://127.0.0.1:13000/altws?appName=__default__&platform=unknown&platformVersion=unknown&deviceInstanceId=unknown&appId=unknown&driverType=SDK'.
Retrying #156 to: 'ws://127.0.0.1:13000/altws?appName=__default__&platform=unknown&platformVersion=unknown&deviceInstanceId=unknown&appId=unknown&driverType=SDK'.
Retrying #157 to: 'ws://127.0.0.1:13000/altws?appName=__default__&platform=unknown&platformVersion=unknown&deviceInstanceId=unknown&appId=unknown&driverType=SDK'.
Retrying #158 to: 'ws://127.0.0.1:13000/altws?appName=__default__&platform=unknown&platformVersion=unknown&deviceInstanceId=unknown&appId=unknown&driverType=SDK'.
Retrying #159 to: 'ws://127.0.0.1:13000/altws?appName=__default__&platform=unknown&platformVersion=unknown&deviceInstanceId=unknown&appId=unknown&driverType=SDK'.
Retrying #160 to: 'ws://127.0.0.1:13000/altws?appName=__default__&platform=unknown&platformVersion=unknown&deviceInstanceId=unknown&appId=unknown&driverType=SDK'.
Retrying #161 to: 'ws://127.0.0.1:13000/altws?appName=__default__&platform=unknown&platformVersion=unknown&deviceInstanceId=unknown&appId=unknown&driverType=SDK'.
Retrying #162 to: 'ws://127.0.0.1:13000/altws?appName=__default__&platform=unknown&platformVersion=unknown&deviceInstanceId=unknown&appId=unknown&driverType=SDK'.
Retrying #163 to: 'ws://127.0.0.1:13000/altws?appName=__default__&platform=unknown&platformVersion=unknown&deviceInstanceId=unknown&appId=unknown&driverType=SDK'.
Retrying #164 to: 'ws://127.0.0.1:13000/altws?appName=__default__&platform=unknown&platformVersion=unknown&deviceInstanceId=unknown&appId=unknown&driverType=SDK'.
Retrying #165 to: 'ws://127.0.0.1:13000/altws?appName=__default__&platform=unknown&platformVersion=unknown&deviceInstanceId=unknown&appId=unknown&driverType=SDK'.
Retrying #166 to: 'ws://127.0.0.1:13000/altws?appName=__default__&platform=unknown&platformVersion=unknown&deviceInstanceId=unknown&appId=unknown&driverType=SDK'.
Retrying #167 to: 'ws://127.0.0.1:13000/altws?appName=__default__&platform=unknown&platformVersion=unknown&deviceInstanceId=unknown&appId=unknown&driverType=SDK'.
Retrying #168 to: 'ws://127.0.0.1:13000/altws?appName=__default__&platform=unknown&platformVersion=unknown&deviceInstanceId=unknown&appId=unknown&driverType=SDK'.
Retrying #169 to: 'ws://127.0.0.1:13000/altws?appName=__default__&platform=unknown&platformVersion=unknown&deviceInstanceId=unknown&appId=unknown&driverType=SDK'.
Retrying #170 to: 'ws://127.0.0.1:13000/altws?appName=__default__&platform=unknown&platformVersion=unknown&deviceInstanceId=unknown&appId=unknown&driverType=SDK'.
Retrying #171 to: 'ws://127.0.0.1:13000/altws?appName=__default__&platform=unknown&platformVersion=unknown&deviceInstanceId=unknown&appId=unknown&driverType=SDK'.
Retrying #172 to: 'ws://127.0.0.1:13000/altws?appName=__default__&platform=unknown&platformVersion=unknown&deviceInstanceId=unknown&appId=unknown&driverType=SDK'.
Retrying #173 to: 'ws://127.0.0.1:13000/altws?appName=__default__&platform=unknown&platformVersion=unknown&deviceInstanceId=unknown&appId=unknown&driverType=SDK'.
Retrying #174 to: 'ws://127.0.0.1:13000/altws?appName=__default__&platform=unknown&platformVersion=unknown&deviceInstanceId=unknown&appId=unknown&driverType=SDK'.
Retrying #175 to: 'ws://127.0.0.1:13000/altws?appName=__default__&platform=unknown&platformVersion=unknown&deviceInstanceId=unknown&appId=unknown&driverType=SDK'.
Retrying #176 to: 'ws://127.0.0.1:13000/altws?appName=__default__&platform=unknown&platformVersion=unknown&deviceInstanceId=unknown&appId=unknown&driverType=SDK'.
Retrying #177 to: 'ws://127.0.0.1:13000/altws?appName=__default__&platform=unknown&platformVersion=unknown&deviceInstanceId=unknown&appId=unknown&driverType=SDK'.
Retrying #178 to: 'ws://127.0.0.1:13000/altws?appName=__default__&platform=unknown&platformVersion=unknown&deviceInstanceId=unknown&appId=unknown&driverType=SDK'.
Retrying #179 to: 'ws://127.0.0.1:13000/altws?appName=__default__&platform=unknown&platformVersion=unknown&deviceInstanceId=unknown&appId=unknown&driverType=SDK'.
Retrying #180 to: 'ws://127.0.0.1:13000/altws?appName=__default__&platform=unknown&platformVersion=unknown&deviceInstanceId=unknown&appId=unknown&driverType=SDK'.
Retrying #181 to: 'ws://127.0.0.1:13000/altws?appName=__default__&platform=unknown&platformVersion=unknown&deviceInstanceId=unknown&appId=unknown&driverType=SDK'.
Retrying #182 to: 'ws://127.0.0.1:13000/altws?appName=__default__&platform=unknown&platformVersion=unknown&deviceInstanceId=unknown&appId=unknown&driverType=SDK'.
Retrying #183 to: 'ws://127.0.0.1:13000/altws?appName=__default__&platform=unknown&platformVersion=unknown&deviceInstanceId=unknown&appId=unknown&driverType=SDK'.
Retrying #184 to: 'ws://127.0.0.1:13000/altws?appName=__default__&platform=unknown&platformVersion=unknown&deviceInstanceId=unknown&appId=unknown&driverType=SDK'.
Retrying #185 to: 'ws://127.0.0.1:13000/altws?appName=__default__&platform=unknown&platformVersion=unknown&deviceInstanceId=unknown&appId=unknown&driverType=SDK'.
Retrying #186 to: 'ws://127.0.0.1:13000/altws?appName=__default__&platform=unknown&platformVersion=unknown&deviceInstanceId=unknown&appId=unknown&driverType=SDK'.
Retrying #187 to: 'ws://127.0.0.1:13000/altws?appName=__default__&platform=unknown&platformVersion=unknown&deviceInstanceId=unknown&appId=unknown&driverType=SDK'.
Retrying #188 to: 'ws://127.0.0.1:13000/altws?appName=__default__&platform=unknown&platformVersion=unknown&deviceInstanceId=unknown&appId=unknown&driverType=SDK'.
Retrying #189 to: 'ws://127.0.0.1:13000/altws?appName=__default__&platform=unknown&platformVersion=unknown&deviceInstanceId=unknown&appId=unknown&driverType=SDK'.
Retrying #190 to: 'ws://127.0.0.1:13000/altws?appName=__default__&platform=unknown&platformVersion=unknown&deviceInstanceId=unknown&appId=unknown&driverType=SDK'.
Retrying #191 to: 'ws://127.0.0.1:13000/altws?appName=__default__&platform=unknown&platformVersion=unknown&deviceInstanceId=unknown&appId=unknown&driverType=SDK'.
Retrying #192 to: 'ws://127.0.0.1:13000/altws?appName=__default__&platform=unknown&platformVersion=unknown&deviceInstanceId=unknown&appId=unknown&driverType=SDK'.
Retrying #193 to: 'ws://127.0.0.1:13000/altws?appName=__default__&platform=unknown&platformVersion=unknown&deviceInstanceId=unknown&appId=unknown&driverType=SDK'.
Retrying #194 to: 'ws://127.0.0.1:13000/altws?appName=__default__&platform=unknown&platformVersion=unknown&deviceInstanceId=unknown&appId=unknown&driverType=SDK'.
Retrying #195 to: 'ws://127.0.0.1:13000/altws?appName=__default__&platform=unknown&platformVersion=unknown&deviceInstanceId=unknown&appId=unknown&driverType=SDK'.
Retrying #196 to: 'ws://127.0.0.1:13000/altws?appName=__default__&platform=unknown&platformVersion=unknown&deviceInstanceId=unknown&appId=unknown&driverType=SDK'.
Retrying #197 to: 'ws://127.0.0.1:13000/altws?appName=__default__&platform=unknown&platformVersion=unknown&deviceInstanceId=unknown&appId=unknown&driverType=SDK'.
Retrying #198 to: 'ws://127.0.0.1:13000/altws?appName=__default__&platform=unknown&platformVersion=unknown&deviceInstanceId=unknown&appId=unknown&driverType=SDK'.
Retrying #199 to: 'ws://127.0.0.1:13000/altws?appName=__default__&platform=unknown&platformVersion=unknown&deviceInstanceId=unknown&appId=unknown&driverType=SDK'.
Retrying #200 to: 'ws://127.0.0.1:13000/altws?appName=__default__&platform=unknown&platformVersion=unknown&deviceInstanceId=unknown&appId=unknown&driverType=SDK'.
Retrying #201 to: 'ws://127.0.0.1:13000/altws?appName=__default__&platform=unknown&platformVersion=unknown&deviceInstanceId=unknown&appId=unknown&driverType=SDK'.
Retrying #202 to: 'ws://127.0.0.1:13000/altws?appName=__default__&platform=unknown&platformVersion=unknown&deviceInstanceId=unknown&appId=unknown&driverType=SDK'.
Retrying #203 to: 'ws://127.0.0.1:13000/altws?appName=__default__&platform=unknown&platformVersion=unknown&deviceInstanceId=unknown&appId=unknown&driverType=SDK'.
Retrying #204 to: 'ws://127.0.0.1:13000/altws?appName=__default__&platform=unknown&platformVersion=unknown&deviceInstanceId=unknown&appId=unknown&driverType=SDK'.
Retrying #205 to: 'ws://127.0.0.1:13000/altws?appName=__default__&platform=unknown&platformVersion=unknown&deviceInstanceId=unknown&appId=unknown&driverType=SDK'.
Retrying #206 to: 'ws://127.0.0.1:13000/altws?appName=__default__&platform=unknown&platformVersion=unknown&deviceInstanceId=unknown&appId=unknown&driverType=SDK'.
Retrying #207 to: 'ws://127.0.0.1:13000/altws?appName=__default__&platform=unknown&platformVersion=unknown&deviceInstanceId=unknown&appId=unknown&driverType=SDK'.
Retrying #208 to: 'ws://127.0.0.1:13000/altws?appName=__default__&platform=unknown&platformVersion=unknown&deviceInstanceId=unknown&appId=unknown&driverType=SDK'.
Retrying #209 to: 'ws://127.0.0.1:13000/altws?appName=__default__&platform=unknown&platformVersion=unknown&deviceInstanceId=unknown&appId=unknown&driverType=SDK'.
Retrying #210 to: 'ws://127.0.0.1:13000/altws?appName=__default__&platform=unknown&platformVersion=unknown&deviceInstanceId=unknown&appId=unknown&driverType=SDK'.
Retrying #211 to: 'ws://127.0.0.1:13000/altws?appName=__default__&platform=unknown&platformVersion=unknown&deviceInstanceId=unknown&appId=unknown&driverType=SDK'.
Retrying #212 to: 'ws://127.0.0.1:13000/altws?appName=__default__&platform=unknown&platformVersion=unknown&deviceInstanceId=unknown&appId=unknown&driverType=SDK'.
Retrying #213 to: 'ws://127.0.0.1:13000/altws?appName=__default__&platform=unknown&platformVersion=unknown&deviceInstanceId=unknown&appId=unknown&driverType=SDK'.
Retrying #214 to: 'ws://127.0.0.1:13000/altws?appName=__default__&platform=unknown&platformVersion=unknown&deviceInstanceId=unknown&appId=unknown&driverType=SDK'.
Retrying #215 to: 'ws://127.0.0.1:13000/altws?appName=__default__&platform=unknown&platformVersion=unknown&deviceInstanceId=unknown&appId=unknown&driverType=SDK'.
Retrying #216 to: 'ws://127.0.0.1:13000/altws?appName=__default__&platform=unknown&platformVersion=unknown&deviceInstanceId=unknown&appId=unknown&driverType=SDK'.
Retrying #217 to: 'ws://127.0.0.1:13000/altws?appName=__default__&platform=unknown&platformVersion=unknown&deviceInstanceId=unknown&appId=unknown&driverType=SDK'.
Retrying #218 to: 'ws://127.0.0.1:13000/altws?appName=__default__&platform=unknown&platformVersion=unknown&deviceInstanceId=unknown&appId=unknown&driverType=SDK'.
Retrying #219 to: 'ws://127.0.0.1:13000/altws?appName=__default__&platform=unknown&platformVersion=unknown&deviceInstanceId=unknown&appId=unknown&driverType=SDK'.
Retrying #220 to: 'ws://127.0.0.1:13000/altws?appName=__default__&platform=unknown&platformVersion=unknown&deviceInstanceId=unknown&appId=unknown&driverType=SDK'.
Retrying #221 to: 'ws://127.0.0.1:13000/altws?appName=__default__&platform=unknown&platformVersion=unknown&deviceInstanceId=unknown&appId=unknown&driverType=SDK'.
Retrying #222 to: 'ws://127.0.0.1:13000/altws?appName=__default__&platform=unknown&platformVersion=unknown&deviceInstanceId=unknown&appId=unknown&driverType=SDK'.
Retrying #223 to: 'ws://127.0.0.1:13000/altws?appName=__default__&platform=unknown&platformVersion=unknown&deviceInstanceId=unknown&appId=unknown&driverType=SDK'.
Retrying #224 to: 'ws://127.0.0.1:13000/altws?appName=__default__&platform=unknown&platformVersion=unknown&deviceInstanceId=unknown&appId=unknown&driverType=SDK'.
Retrying #225 to: 'ws://127.0.0.1:13000/altws?appName=__default__&platform=unknown&platformVersion=unknown&deviceInstanceId=unknown&appId=unknown&driverType=SDK'.
Retrying #226 to: 'ws://127.0.0.1:13000/altws?appName=__default__&platform=unknown&platformVersion=unknown&deviceInstanceId=unknown&appId=unknown&driverType=SDK'.
Retrying #227 to: 'ws://127.0.0.1:13000/altws?appName=__default__&platform=unknown&platformVersion=unknown&deviceInstanceId=unknown&appId=unknown&driverType=SDK'.
Retrying #228 to: 'ws://127.0.0.1:13000/altws?appName=__default__&platform=unknown&platformVersion=unknown&deviceInstanceId=unknown&appId=unknown&driverType=SDK'.
Retrying #229 to: 'ws://127.0.0.1:13000/altws?appName=__default__&platform=unknown&platformVersion=unknown&deviceInstanceId=unknown&appId=unknown&driverType=SDK'.
Retrying #230 to: 'ws://127.0.0.1:13000/altws?appName=__default__&platform=unknown&platformVersion=unknown&deviceInstanceId=unknown&appId=unknown&driverType=SDK'.
Retrying #231 to: 'ws://127.0.0.1:13000/altws?appName=__default__&platform=unknown&platformVersion=unknown&deviceInstanceId=unknown&appId=unknown&driverType=SDK'.
Retrying #232 to: 'ws://127.0.0.1:13000/altws?appName=__default__&platform=unknown&platformVersion=unknown&deviceInstanceId=unknown&appId=unknown&driverType=SDK'.
Retrying #233 to: 'ws://127.0.0.1:13000/altws?appName=__default__&platform=unknown&platformVersion=unknown&deviceInstanceId=unknown&appId=unknown&driverType=SDK'.
Retrying #234 to: 'ws://127.0.0.1:13000/altws?appName=__default__&platform=unknown&platformVersion=unknown&deviceInstanceId=unknown&appId=unknown&driverType=SDK'.
Retrying #235 to: 'ws://127.0.0.1:13000/altws?appName=__default__&platform=unknown&platformVersion=unknown&deviceInstanceId=unknown&appId=unknown&driverType=SDK'.
Retrying #236 to: 'ws://127.0.0.1:13000/altws?appName=__default__&platform=unknown&platformVersion=unknown&deviceInstanceId=unknown&appId=unknown&driverType=SDK'.
Retrying #237 to: 'ws://127.0.0.1:13000/altws?appName=__default__&platform=unknown&platformVersion=unknown&deviceInstanceId=unknown&appId=unknown&driverType=SDK'.
Retrying #238 to: 'ws://127.0.0.1:13000/altws?appName=__default__&platform=unknown&platformVersion=unknown&deviceInstanceId=unknown&appId=unknown&driverType=SDK'.
Retrying #239 to: 'ws://127.0.0.1:13000/altws?appName=__default__&platform=unknown&platformVersion=unknown&deviceInstanceId=unknown&appId=unknown&driverType=SDK'.
Retrying #240 to: 'ws://127.0.0.1:13000/altws?appName=__default__&platform=unknown&platformVersion=unknown&deviceInstanceId=unknown&appId=unknown&driverType=SDK'.
Retrying #241 to: 'ws://127.0.0.1:13000/altws?appName=__default__&platform=unknown&platformVersion=unknown&deviceInstanceId=unknown&appId=unknown&driverType=SDK'.
Retrying #242 to: 'ws://127.0.0.1:13000/altws?appName=__default__&platform=unknown&platformVersion=unknown&deviceInstanceId=unknown&appId=unknown&driverType=SDK'.
Retrying #243 to: 'ws://127.0.0.1:13000/altws?appName=__default__&platform=unknown&platformVersion=unknown&deviceInstanceId=unknown&appId=unknown&driverType=SDK'.
Retrying #244 to: 'ws://127.0.0.1:13000/altws?appName=__default__&platform=unknown&platformVersion=unknown&deviceInstanceId=unknown&appId=unknown&driverType=SDK'.
Retrying #245 to: 'ws://127.0.0.1:13000/altws?appName=__default__&platform=unknown&platformVersion=unknown&deviceInstanceId=unknown&appId=unknown&driverType=SDK'.
Retrying #246 to: 'ws://127.0.0.1:13000/altws?appName=__default__&platform=unknown&platformVersion=unknown&deviceInstanceId=unknown&appId=unknown&driverType=SDK'.
Retrying #247 to: 'ws://127.0.0.1:13000/altws?appName=__default__&platform=unknown&platformVersion=unknown&deviceInstanceId=unknown&appId=unknown&driverType=SDK'.
Retrying #248 to: 'ws://127.0.0.1:13000/altws?appName=__default__&platform=unknown&platformVersion=unknown&deviceInstanceId=unknown&appId=unknown&driverType=SDK'.
Retrying #249 to: 'ws://127.0.0.1:13000/altws?appName=__default__&platform=unknown&platformVersion=unknown&deviceInstanceId=unknown&appId=unknown&driverType=SDK'.
Retrying #250 to: 'ws://127.0.0.1:13000/altws?appName=__default__&platform=unknown&platformVersion=unknown&deviceInstanceId=unknown&appId=unknown&driverType=SDK'.
Retrying #251 to: 'ws://127.0.0.1:13000/altws?appName=__default__&platform=unknown&platformVersion=unknown&deviceInstanceId=unknown&appId=unknown&driverType=SDK'.
Retrying #252 to: 'ws://127.0.0.1:13000/altws?appName=__default__&platform=unknown&platformVersion=unknown&deviceInstanceId=unknown&appId=unknown&driverType=SDK'.
Retrying #253 to: 'ws://127.0.0.1:13000/altws?appName=__default__&platform=unknown&platformVersion=unknown&deviceInstanceId=unknown&appId=unknown&driverType=SDK'.
Retrying #254 to: 'ws://127.0.0.1:13000/altws?appName=__default__&platform=unknown&platformVersion=unknown&deviceInstanceId=unknown&appId=unknown&driverType=SDK'.
Retrying #255 to: 'ws://127.0.0.1:13000/altws?appName=__default__&platform=unknown&platformVersion=unknown&deviceInstanceId=unknown&appId=unknown&driverType=SDK'.
Retrying #256 to: 'ws://127.0.0.1:13000/altws?appName=__default__&platform=unknown&platformVersion=unknown&deviceInstanceId=unknown&appId=unknown&driverType=SDK'.
Retrying #257 to: 'ws://127.0.0.1:13000/altws?appName=__default__&platform=unknown&platformVersion=unknown&deviceInstanceId=unknown&appId=unknown&driverType=SDK'.
Retrying #258 to: 'ws://127.0.0.1:13000/altws?appName=__default__&platform=unknown&platformVersion=unknown&deviceInstanceId=unknown&appId=unknown&driverType=SDK'.
Retrying #259 to: 'ws://127.0.0.1:13000/altws?appName=__default__&platform=unknown&platformVersion=unknown&deviceInstanceId=unknown&appId=unknown&driverType=SDK'.
Retrying #260 to: 'ws://127.0.0.1:13000/altws?appName=__default__&platform=unknown&platformVersion=unknown&deviceInstanceId=unknown&appId=unknown&driverType=SDK'.
Retrying #261 to: 'ws://127.0.0.1:13000/altws?appName=__default__&platform=unknown&platformVersion=unknown&deviceInstanceId=unknown&appId=unknown&driverType=SDK'.
Retrying #262 to: 'ws://127.0.0.1:13000/altws?appName=__default__&platform=unknown&platformVersion=unknown&deviceInstanceId=unknown&appId=unknown&driverType=SDK'.
Retrying #263 to: 'ws://127.0.0.1:13000/altws?appName=__default__&platform=unknown&platformVersion=unknown&deviceInstanceId=unknown&appId=unknown&driverType=SDK'.
Retrying #264 to: 'ws://127.0.0.1:13000/altws?appName=__default__&platform=unknown&platformVersion=unknown&deviceInstanceId=unknown&appId=unknown&driverType=SDK'.
Retrying #265 to: 'ws://127.0.0.1:13000/altws?appName=__default__&platform=unknown&platformVersion=unknown&deviceInstanceId=unknown&appId=unknown&driverType=SDK'.
Retrying #266 to: 'ws://127.0.0.1:13000/altws?appName=__default__&platform=unknown&platformVersion=unknown&deviceInstanceId=unknown&appId=unknown&driverType=SDK'.
Retrying #267 to: 'ws://127.0.0.1:13000/altws?appName=__default__&platform=unknown&platformVersion=unknown&deviceInstanceId=unknown&appId=unknown&driverType=SDK'.
Retrying #268 to: 'ws://127.0.0.1:13000/altws?appName=__default__&platform=unknown&platformVersion=unknown&deviceInstanceId=unknown&appId=unknown&driverType=SDK'.
Retrying #269 to: 'ws://127.0.0.1:13000/altws?appName=__default__&platform=unknown&platformVersion=unknown&deviceInstanceId=unknown&appId=unknown&driverType=SDK'.
Retrying #270 to: 'ws://127.0.0.1:13000/altws?appName=__default__&platform=unknown&platformVersion=unknown&deviceInstanceId=unknown&appId=unknown&driverType=SDK'.
Retrying #271 to: 'ws://127.0.0.1:13000/altws?appName=__default__&platform=unknown&platformVersion=unknown&deviceInstanceId=unknown&appId=unknown&driverType=SDK'.
Retrying #272 to: 'ws://127.0.0.1:13000/altws?appName=__default__&platform=unknown&platformVersion=unknown&deviceInstanceId=unknown&appId=unknown&driverType=SDK'.
Retrying #273 to: 'ws://127.0.0.1:13000/altws?appName=__default__&platform=unknown&platformVersion=unknown&deviceInstanceId=unknown&appId=unknown&driverType=SDK'.
Retrying #274 to: 'ws://127.0.0.1:13000/altws?appName=__default__&platform=unknown&platformVersion=unknown&deviceInstanceId=unknown&appId=unknown&driverType=SDK'.
Retrying #275 to: 'ws://127.0.0.1:13000/altws?appName=__default__&platform=unknown&platformVersion=unknown&deviceInstanceId=unknown&appId=unknown&driverType=SDK'.
Retrying #276 to: 'ws://127.0.0.1:13000/altws?appName=__default__&platform=unknown&platformVersion=unknown&deviceInstanceId=unknown&appId=unknown&driverType=SDK'.
Retrying #277 to: 'ws://127.0.0.1:13000/altws?appName=__default__&platform=unknown&platformVersion=unknown&deviceInstanceId=unknown&appId=unknown&driverType=SDK'.
Retrying #278 to: 'ws://127.0.0.1:13000/altws?appName=__default__&platform=unknown&platformVersion=unknown&deviceInstanceId=unknown&appId=unknown&driverType=SDK'.
Retrying #279 to: 'ws://127.0.0.1:13000/altws?appName=__default__&platform=unknown&platformVersion=unknown&deviceInstanceId=unknown&appId=unknown&driverType=SDK'.
Retrying #280 to: 'ws://127.0.0.1:13000/altws?appName=__default__&platform=unknown&platformVersion=unknown&deviceInstanceId=unknown&appId=unknown&driverType=SDK'.
Retrying #281 to: 'ws://127.0.0.1:13000/altws?appName=__default__&platform=unknown&platformVersion=unknown&deviceInstanceId=unknown&appId=unknown&driverType=SDK'.
Retrying #282 to: 'ws://127.0.0.1:13000/altws?appName=__default__&platform=unknown&platformVersion=unknown&deviceInstanceId=unknown&appId=unknown&driverType=SDK'.
Retrying #283 to: 'ws://127.0.0.1:13000/altws?appName=__default__&platform=unknown&platformVersion=unknown&deviceInstanceId=unknown&appId=unknown&driverType=SDK'.
Retrying #284 to: 'ws://127.0.0.1:13000/altws?appName=__default__&platform=unknown&platformVersion=unknown&deviceInstanceId=unknown&appId=unknown&driverType=SDK'.
Retrying #285 to: 'ws://127.0.0.1:13000/altws?appName=__default__&platform=unknown&platformVersion=unknown&deviceInstanceId=unknown&appId=unknown&driverType=SDK'.
Retrying #286 to: 'ws://127.0.0.1:13000/altws?appName=__default__&platform=unknown&platformVersion=unknown&deviceInstanceId=unknown&appId=unknown&driverType=SDK'.
Retrying #287 to: 'ws://127.0.0.1:13000/altws?appName=__default__&platform=unknown&platformVersion=unknown&deviceInstanceId=unknown&appId=unknown&driverType=SDK'.
Retrying #288 to: 'ws://127.0.0.1:13000/altws?appName=__default__&platform=unknown&platformVersion=unknown&deviceInstanceId=unknown&appId=unknown&driverType=SDK'.
Retrying #289 to: 'ws://127.0.0.1:13000/altws?appName=__default__&platform=unknown&platformVersion=unknown&deviceInstanceId=unknown&appId=unknown&driverType=SDK'.
Retrying #290 to: 'ws://127.0.0.1:13000/altws?appName=__default__&platform=unknown&platformVersion=unknown&deviceInstanceId=unknown&appId=unknown&driverType=SDK'.
Retrying #291 to: 'ws://127.0.0.1:13000/altws?appName=__default__&platform=unknown&platformVersion=unknown&deviceInstanceId=unknown&appId=unknown&driverType=SDK'.
Retrying #292 to: 'ws://127.0.0.1:13000/altws?appName=__default__&platform=unknown&platformVersion=unknown&deviceInstanceId=unknown&appId=unknown&driverType=SDK'.
Retrying #293 to: 'ws://127.0.0.1:13000/altws?appName=__default__&platform=unknown&platformVersion=unknown&deviceInstanceId=unknown&appId=unknown&driverType=SDK'.
Retrying #294 to: 'ws://127.0.0.1:13000/altws?appName=__default__&platform=unknown&platformVersion=unknown&deviceInstanceId=unknown&appId=unknown&driverType=SDK'.
Retrying #295 to: 'ws://127.0.0.1:13000/altws?appName=__default__&platform=unknown&platformVersion=unknown&deviceInstanceId=unknown&appId=unknown&driverType=SDK'.
Retrying #296 to: 'ws://127.0.0.1:13000/altws?appName=__default__&platform=unknown&platformVersion=unknown&deviceInstanceId=unknown&appId=unknown&driverType=SDK'.
Retrying #297 to: 'ws://127.0.0.1:13000/altws?appName=__default__&platform=unknown&platformVersion=unknown&deviceInstanceId=unknown&appId=unknown&driverType=SDK'.
Retrying #298 to: 'ws://127.0.0.1:13000/altws?appName=__default__&platform=unknown&platformVersion=unknown&deviceInstanceId=unknown&appId=unknown&driverType=SDK'.
Retrying #299 to: 'ws://127.0.0.1:13000/altws?appName=__default__&platform=unknown&platformVersion=unknown&deviceInstanceId=unknown&appId=unknown&driverType=SDK'.
Retrying #300 to: 'ws://127.0.0.1:13000/altws?appName=__default__&platform=unknown&platformVersion=unknown&deviceInstanceId=unknown&appId=unknown&driverType=SDK'.
Retrying #301 to: 'ws://127.0.0.1:13000/altws?appName=__default__&platform=unknown&platformVersion=unknown&deviceInstanceId=unknown&appId=unknown&driverType=SDK'.
Retrying #302 to: 'ws://127.0.0.1:13000/altws?appName=__default__&platform=unknown&platformVersion=unknown&deviceInstanceId=unknown&appId=unknown&driverType=SDK'.
Retrying #303 to: 'ws://127.0.0.1:13000/altws?appName=__default__&platform=unknown&platformVersion=unknown&deviceInstanceId=unknown&appId=unknown&driverType=SDK'.
Retrying #304 to: 'ws://127.0.0.1:13000/altws?appName=__default__&platform=unknown&platformVersion=unknown&deviceInstanceId=unknown&appId=unknown&driverType=SDK'.
Retrying #305 to: 'ws://127.0.0.1:13000/altws?appName=__default__&platform=unknown&platformVersion=unknown&deviceInstanceId=unknown&appId=unknown&driverType=SDK'.
Retrying #306 to: 'ws://127.0.0.1:13000/altws?appName=__default__&platform=unknown&platformVersion=unknown&deviceInstanceId=unknown&appId=unknown&driverType=SDK'.
Retrying #307 to: 'ws://127.0.0.1:13000/altws?appName=__default__&platform=unknown&platformVersion=unknown&deviceInstanceId=unknown&appId=unknown&driverType=SDK'.
Retrying #308 to: 'ws://127.0.0.1:13000/altws?appName=__default__&platform=unknown&platformVersion=unknown&deviceInstanceId=unknown&appId=unknown&driverType=SDK'.
Retrying #309 to: 'ws://127.0.0.1:13000/altws?appName=__default__&platform=unknown&platformVersion=unknown&deviceInstanceId=unknown&appId=unknown&driverType=SDK'.
Retrying #310 to: 'ws://127.0.0.1:13000/altws?appName=__default__&platform=unknown&platformVersion=unknown&deviceInstanceId=unknown&appId=unknown&driverType=SDK'.
Retrying #311 to: 'ws://127.0.0.1:13000/altws?appName=__default__&platform=unknown&platformVersion=unknown&deviceInstanceId=unknown&appId=unknown&driverType=SDK'.
Retrying #312 to: 'ws://127.0.0.1:13000/altws?appName=__default__&platform=unknown&platformVersion=unknown&deviceInstanceId=unknown&appId=unknown&driverType=SDK'.
Retrying #313 to: 'ws://127.0.0.1:13000/altws?appName=__default__&platform=unknown&platformVersion=unknown&deviceInstanceId=unknown&appId=unknown&driverType=SDK'.
Retrying #314 to: 'ws://127.0.0.1:13000/altws?appName=__default__&platform=unknown&platformVersion=unknown&deviceInstanceId=unknown&appId=unknown&driverType=SDK'.
Retrying #315 to: 'ws://127.0.0.1:13000/altws?appName=__default__&platform=unknown&platformVersion=unknown&deviceInstanceId=unknown&appId=unknown&driverType=SDK'.
Retrying #316 to: 'ws://127.0.0.1:13000/altws?appName=__default__&platform=unknown&platformVersion=unknown&deviceInstanceId=unknown&appId=unknown&driverType=SDK'.
Retrying #317 to: 'ws://127.0.0.1:13000/altws?appName=__default__&platform=unknown&platformVersion=unknown&deviceInstanceId=unknown&appId=unknown&driverType=SDK'.
Retrying #318 to: 'ws://127.0.0.1:13000/altws?appName=__default__&platform=unknown&platformVersion=unknown&deviceInstanceId=unknown&appId=unknown&driverType=SDK'.
Retrying #319 to: 'ws://127.0.0.1:13000/altws?appName=__default__&platform=unknown&platformVersion=unknown&deviceInstanceId=unknown&appId=unknown&driverType=SDK'.
Retrying #320 to: 'ws://127.0.0.1:13000/altws?appName=__default__&platform=unknown&platformVersion=unknown&deviceInstanceId=unknown&appId=unknown&driverType=SDK'.
Retrying #321 to: 'ws://127.0.0.1:13000/altws?appName=__default__&platform=unknown&platformVersion=unknown&deviceInstanceId=unknown&appId=unknown&driverType=SDK'.
Retrying #322 to: 'ws://127.0.0.1:13000/altws?appName=__default__&platform=unknown&platformVersion=unknown&deviceInstanceId=unknown&appId=unknown&driverType=SDK'.
Retrying #323 to: 'ws://127.0.0.1:13000/altws?appName=__default__&platform=unknown&platformVersion=unknown&deviceInstanceId=unknown&appId=unknown&driverType=SDK'.
Retrying #324 to: 'ws://127.0.0.1:13000/altws?appName=__default__&platform=unknown&platformVersion=unknown&deviceInstanceId=unknown&appId=unknown&driverType=SDK'.
Retrying #325 to: 'ws://127.0.0.1:13000/altws?appName=__default__&platform=unknown&platformVersion=unknown&deviceInstanceId=unknown&appId=unknown&driverType=SDK'.
Retrying #326 to: 'ws://127.0.0.1:13000/altws?appName=__default__&platform=unknown&platformVersion=unknown&deviceInstanceId=unknown&appId=unknown&driverType=SDK'.
Retrying #327 to: 'ws://127.0.0.1:13000/altws?appName=__default__&platform=unknown&platformVersion=unknown&deviceInstanceId=unknown&appId=unknown&driverType=SDK'.
Retrying #328 to: 'ws://127.0.0.1:13000/altws?appName=__default__&platform=unknown&platformVersion=unknown&deviceInstanceId=unknown&appId=unknown&driverType=SDK'.
Retrying #329 to: 'ws://127.0.0.1:13000/altws?appName=__default__&platform=unknown&platformVersion=unknown&deviceInstanceId=unknown&appId=unknown&driverType=SDK'.
Retrying #330 to: 'ws://127.0.0.1:13000/altws?appName=__default__&platform=unknown&platformVersion=unknown&deviceInstanceId=unknown&appId=unknown&driverType=SDK'.
Retrying #331 to: 'ws://127.0.0.1:13000/altws?appName=__default__&platform=unknown&platformVersion=unknown&deviceInstanceId=unknown&appId=unknown&driverType=SDK'.
Retrying #332 to: 'ws://127.0.0.1:13000/altws?appName=__default__&platform=unknown&platformVersion=unknown&deviceInstanceId=unknown&appId=unknown&driverType=SDK'.
Retrying #333 to: 'ws://127.0.0.1:13000/altws?appName=__default__&platform=unknown&platformVersion=unknown&deviceInstanceId=unknown&appId=unknown&driverType=SDK'.
Retrying #334 to: 'ws://127.0.0.1:13000/altws?appName=__default__&platform=unknown&platformVersion=unknown&deviceInstanceId=unknown&appId=unknown&driverType=SDK'.
Retrying #335 to: 'ws://127.0.0.1:13000/altws?appName=__default__&platform=unknown&platformVersion=unknown&deviceInstanceId=unknown&appId=unknown&driverType=SDK'.
Retrying #336 to: 'ws://127.0.0.1:13000/altws?appName=__default__&platform=unknown&platformVersion=unknown&deviceInstanceId=unknown&appId=unknown&driverType=SDK'.
Retrying #337 to: 'ws://127.0.0.1:13000/altws?appName=__default__&platform=unknown&platformVersion=unknown&deviceInstanceId=unknown&appId=unknown&driverType=SDK'.
Retrying #338 to: 'ws://127.0.0.1:13000/altws?appName=__default__&platform=unknown&platformVersion=unknown&deviceInstanceId=unknown&appId=unknown&driverType=SDK'.
Retrying #339 to: 'ws://127.0.0.1:13000/altws?appName=__default__&platform=unknown&platformVersion=unknown&deviceInstanceId=unknown&appId=unknown&driverType=SDK'.
Retrying #340 to: 'ws://127.0.0.1:13000/altws?appName=__default__&platform=unknown&platformVersion=unknown&deviceInstanceId=unknown&appId=unknown&driverType=SDK'.
Retrying #341 to: 'ws://127.0.0.1:13000/altws?appName=__default__&platform=unknown&platformVersion=unknown&deviceInstanceId=unknown&appId=unknown&driverType=SDK'.
Retrying #342 to: 'ws://127.0.0.1:13000/altws?appName=__default__&platform=unknown&platformVersion=unknown&deviceInstanceId=unknown&appId=unknown&driverType=SDK'.
Retrying #343 to: 'ws://127.0.0.1:13000/altws?appName=__default__&platform=unknown&platformVersion=unknown&deviceInstanceId=unknown&appId=unknown&driverType=SDK'.
Retrying #344 to: 'ws://127.0.0.1:13000/altws?appName=__default__&platform=unknown&platformVersion=unknown&deviceInstanceId=unknown&appId=unknown&driverType=SDK'.
Retrying #345 to: 'ws://127.0.0.1:13000/altws?appName=__default__&platform=unknown&platformVersion=unknown&deviceInstanceId=unknown&appId=unknown&driverType=SDK'.
Retrying #346 to: 'ws://127.0.0.1:13000/altws?appName=__default__&platform=unknown&platformVersion=unknown&deviceInstanceId=unknown&appId=unknown&driverType=SDK'.
Retrying #347 to: 'ws://127.0.0.1:13000/altws?appName=__default__&platform=unknown&platformVersion=unknown&deviceInstanceId=unknown&appId=unknown&driverType=SDK'.
Retrying #348 to: 'ws://127.0.0.1:13000/altws?appName=__default__&platform=unknown&platformVersion=unknown&deviceInstanceId=unknown&appId=unknown&driverType=SDK'.
Retrying #349 to: 'ws://127.0.0.1:13000/altws?appName=__default__&platform=unknown&platformVersion=unknown&deviceInstanceId=unknown&appId=unknown&driverType=SDK'.
Retrying #350 to: 'ws://127.0.0.1:13000/altws?appName=__default__&platform=unknown&platformVersion=unknown&deviceInstanceId=unknown&appId=unknown&driverType=SDK'.
Retrying #351 to: 'ws://127.0.0.1:13000/altws?appName=__default__&platform=unknown&platformVersion=unknown&deviceInstanceId=unknown&appId=unknown&driverType=SDK'.
Retrying #352 to: 'ws://127.0.0.1:13000/altws?appName=__default__&platform=unknown&platformVersion=unknown&deviceInstanceId=unknown&appId=unknown&driverType=SDK'.
Retrying #353 to: 'ws://127.0.0.1:13000/altws?appName=__default__&platform=unknown&platformVersion=unknown&deviceInstanceId=unknown&appId=unknown&driverType=SDK'.
Retrying #354 to: 'ws://127.0.0.1:13000/altws?appName=__default__&platform=unknown&platformVersion=unknown&deviceInstanceId=unknown&appId=unknown&driverType=SDK'.
Retrying #355 to: 'ws://127.0.0.1:13000/altws?appName=__default__&platform=unknown&platformVersion=unknown&deviceInstanceId=unknown&appId=unknown&driverType=SDK'.
Retrying #356 to: 'ws://127.0.0.1:13000/altws?appName=__default__&platform=unknown&platformVersion=unknown&deviceInstanceId=unknown&appId=unknown&driverType=SDK'.
Retrying #357 to: 'ws://127.0.0.1:13000/altws?appName=__default__&platform=unknown&platformVersion=unknown&deviceInstanceId=unknown&appId=unknown&driverType=SDK'.
Retrying #358 to: 'ws://127.0.0.1:13000/altws?appName=__default__&platform=unknown&platformVersion=unknown&deviceInstanceId=unknown&appId=unknown&driverType=SDK'.
Retrying #359 to: 'ws://127.0.0.1:13000/altws?appName=__default__&platform=unknown&platformVersion=unknown&deviceInstanceId=unknown&appId=unknown&driverType=SDK'.
Retrying #360 to: 'ws://127.0.0.1:13000/altws?appName=__default__&platform=unknown&platformVersion=unknown&deviceInstanceId=unknown&appId=unknown&driverType=SDK'.
Retrying #361 to: 'ws://127.0.0.1:13000/altws?appName=__default__&platform=unknown&platformVersion=unknown&deviceInstanceId=unknown&appId=unknown&driverType=SDK'.
Retrying #362 to: 'ws://127.0.0.1:13000/altws?appName=__default__&platform=unknown&platformVersion=unknown&deviceInstanceId=unknown&appId=unknown&driverType=SDK'.
Retrying #363 to: 'ws://127.0.0.1:13000/altws?appName=__default__&platform=unknown&platformVersion=unknown&deviceInstanceId=unknown&appId=unknown&driverType=SDK'.
Retrying #364 to: 'ws://127.0.0.1:13000/altws?appName=__default__&platform=unknown&platformVersion=unknown&deviceInstanceId=unknown&appId=unknown&driverType=SDK'.
Retrying #365 to: 'ws://127.0.0.1:13000/altws?appName=__default__&platform=unknown&platformVersion=unknown&deviceInstanceId=unknown&appId=unknown&driverType=SDK'.
Retrying #366 to: 'ws://127.0.0.1:13000/altws?appName=__default__&platform=unknown&platformVersion=unknown&deviceInstanceId=unknown&appId=unknown&driverType=SDK'.
Retrying #367 to: 'ws://127.0.0.1:13000/altws?appName=__default__&platform=unknown&platformVersion=unknown&deviceInstanceId=unknown&appId=unknown&driverType=SDK'.
Retrying #368 to: 'ws://127.0.0.1:13000/altws?appName=__default__&platform=unknown&platformVersion=unknown&deviceInstanceId=unknown&appId=unknown&driverType=SDK'.
Retrying #369 to: 'ws://127.0.0.1:13000/altws?appName=__default__&platform=unknown&platformVersion=unknown&deviceInstanceId=unknown&appId=unknown&driverType=SDK'.
Retrying #370 to: 'ws://127.0.0.1:13000/altws?appName=__default__&platform=unknown&platformVersion=unknown&deviceInstanceId=unknown&appId=unknown&driverType=SDK'.
Retrying #371 to: 'ws://127.0.0.1:13000/altws?appName=__default__&platform=unknown&platformVersion=unknown&deviceInstanceId=unknown&appId=unknown&driverType=SDK'.
Retrying #372 to: 'ws://127.0.0.1:13000/altws?appName=__default__&platform=unknown&platformVersion=unknown&deviceInstanceId=unknown&appId=unknown&driverType=SDK'.
Retrying #373 to: 'ws://127.0.0.1:13000/altws?appName=__default__&platform=unknown&platformVersion=unknown&deviceInstanceId=unknown&appId=unknown&driverType=SDK'.
Retrying #374 to: 'ws://127.0.0.1:13000/altws?appName=__default__&platform=unknown&platformVersion=unknown&deviceInstanceId=unknown&appId=unknown&driverType=SDK'.
Retrying #375 to: 'ws://127.0.0.1:13000/altws?appName=__default__&platform=unknown&platformVersion=unknown&deviceInstanceId=unknown&appId=unknown&driverType=SDK'.
Retrying #376 to: 'ws://127.0.0.1:13000/altws?appName=__default__&platform=unknown&platformVersion=unknown&deviceInstanceId=unknown&appId=unknown&driverType=SDK'.
Retrying #377 to: 'ws://127.0.0.1:13000/altws?appName=__default__&platform=unknown&platformVersion=unknown&deviceInstanceId=unknown&appId=unknown&driverType=SDK'.
Retrying #378 to: 'ws://127.0.0.1:13000/altws?appName=__default__&platform=unknown&platformVersion=unknown&deviceInstanceId=unknown&appId=unknown&driverType=SDK'.
Retrying #379 to: 'ws://127.0.0.1:13000/altws?appName=__default__&platform=unknown&platformVersion=unknown&deviceInstanceId=unknown&appId=unknown&driverType=SDK'.
Retrying #380 to: 'ws://127.0.0.1:13000/altws?appName=__default__&platform=unknown&platformVersion=unknown&deviceInstanceId=unknown&appId=unknown&driverType=SDK'.
Retrying #381 to: 'ws://127.0.0.1:13000/altws?appName=__default__&platform=unknown&platformVersion=unknown&deviceInstanceId=unknown&appId=unknown&driverType=SDK'.
Retrying #382 to: 'ws://127.0.0.1:13000/altws?appName=__default__&platform=unknown&platformVersion=unknown&deviceInstanceId=unknown&appId=unknown&driverType=SDK'.
Retrying #383 to: 'ws://127.0.0.1:13000/altws?appName=__default__&platform=unknown&platformVersion=unknown&deviceInstanceId=unknown&appId=unknown&driverType=SDK'.
Retrying #384 to: 'ws://127.0.0.1:13000/altws?appName=__default__&platform=unknown&platformVersion=unknown&deviceInstanceId=unknown&appId=unknown&driverType=SDK'.
Retrying #385 to: 'ws://127.0.0.1:13000/altws?appName=__default__&platform=unknown&platformVersion=unknown&deviceInstanceId=unknown&appId=unknown&driverType=SDK'.
Retrying #386 to: 'ws://127.0.0.1:13000/altws?appName=__default__&platform=unknown&platformVersion=unknown&deviceInstanceId=unknown&appId=unknown&driverType=SDK'.
Retrying #387 to: 'ws://127.0.0.1:13000/altws?appName=__default__&platform=unknown&platformVersion=unknown&deviceInstanceId=unknown&appId=unknown&driverType=SDK'.
Retrying #388 to: 'ws://127.0.0.1:13000/altws?appName=__default__&platform=unknown&platformVersion=unknown&deviceInstanceId=unknown&appId=unknown&driverType=SDK'.
Retrying #389 to: 'ws://127.0.0.1:13000/altws?appName=__default__&platform=unknown&platformVersion=unknown&deviceInstanceId=unknown&appId=unknown&driverType=SDK'.
Retrying #390 to: 'ws://127.0.0.1:13000/altws?appName=__default__&platform=unknown&platformVersion=unknown&deviceInstanceId=unknown&appId=unknown&driverType=SDK'.
Retrying #391 to: 'ws://127.0.0.1:13000/altws?appName=__default__&platform=unknown&platformVersion=unknown&deviceInstanceId=unknown&appId=unknown&driverType=SDK'.
Retrying #392 to: 'ws://127.0.0.1:13000/altws?appName=__default__&platform=unknown&platformVersion=unknown&deviceInstanceId=unknown&appId=unknown&driverType=SDK'.
Retrying #393 to: 'ws://127.0.0.1:13000/altws?appName=__default__&platform=unknown&platformVersion=unknown&deviceInstanceId=unknown&appId=unknown&driverType=SDK'.
Retrying #394 to: 'ws://127.0.0.1:13000/altws?appName=__default__&platform=unknown&platformVersion=unknown&deviceInstanceId=unknown&appId=unknown&driverType=SDK'.
Retrying #395 to: 'ws://127.0.0.1:13000/altws?appName=__default__&platform=unknown&platformVersion=unknown&deviceInstanceId=unknown&appId=unknown&driverType=SDK'.
Retrying #396 to: 'ws://127.0.0.1:13000/altws?appName=__default__&platform=unknown&platformVersion=unknown&deviceInstanceId=unknown&appId=unknown&driverType=SDK'.
Retrying #397 to: 'ws://127.0.0.1:13000/altws?appName=__default__&platform=unknown&platformVersion=unknown&deviceInstanceId=unknown&appId=unknown&driverType=SDK'.
Retrying #398 to: 'ws://127.0.0.1:13000/altws?appName=__default__&platform=unknown&platformVersion=unknown&deviceInstanceId=unknown&appId=unknown&driverType=SDK'.
Retrying #399 to: 'ws://127.0.0.1:13000/altws?appName=__default__&platform=unknown&platformVersion=unknown&deviceInstanceId=unknown&appId=unknown&driverType=SDK'.
Retrying #400 to: 'ws://127.0.0.1:13000/altws?appName=__default__&platform=unknown&platformVersion=unknown&deviceInstanceId=unknown&appId=unknown&driverType=SDK'.
Retrying #401 to: 'ws://127.0.0.1:13000/altws?appName=__default__&platform=unknown&platformVersion=unknown&deviceInstanceId=unknown&appId=unknown&driverType=SDK'.
Retrying #402 to: 'ws://127.0.0.1:13000/altws?appName=__default__&platform=unknown&platformVersion=unknown&deviceInstanceId=unknown&appId=unknown&driverType=SDK'.
Retrying #403 to: 'ws://127.0.0.1:13000/altws?appName=__default__&platform=unknown&platformVersion=unknown&deviceInstanceId=unknown&appId=unknown&driverType=SDK'.
Retrying #404 to: 'ws://127.0.0.1:13000/altws?appName=__default__&platform=unknown&platformVersion=unknown&deviceInstanceId=unknown&appId=unknown&driverType=SDK'.
Retrying #405 to: 'ws://127.0.0.1:13000/altws?appName=__default__&platform=unknown&platformVersion=unknown&deviceInstanceId=unknown&appId=unknown&driverType=SDK'.
Retrying #406 to: 'ws://127.0.0.1:13000/altws?appName=__default__&platform=unknown&platformVersion=unknown&deviceInstanceId=unknown&appId=unknown&driverType=SDK'.
Retrying #407 to: 'ws://127.0.0.1:13000/altws?appName=__default__&platform=unknown&platformVersion=unknown&deviceInstanceId=unknown&appId=unknown&driverType=SDK'.
Retrying #408 to: 'ws://127.0.0.1:13000/altws?appName=__default__&platform=unknown&platformVersion=unknown&deviceInstanceId=unknown&appId=unknown&driverType=SDK'.
Retrying #409 to: 'ws://127.0.0.1:13000/altws?appName=__default__&platform=unknown&platformVersion=unknown&deviceInstanceId=unknown&appId=unknown&driverType=SDK'.
Retrying #410 to: 'ws://127.0.0.1:13000/altws?appName=__default__&platform=unknown&platformVersion=unknown&deviceInstanceId=unknown&appId=unknown&driverType=SDK'.
Retrying #411 to: 'ws://127.0.0.1:13000/altws?appName=__default__&platform=unknown&platformVersion=unknown&deviceInstanceId=unknown&appId=unknown&driverType=SDK'.
Retrying #412 to: 'ws://127.0.0.1:13000/altws?appName=__default__&platform=unknown&platformVersion=unknown&deviceInstanceId=unknown&appId=unknown&driverType=SDK'.
Retrying #413 to: 'ws://127.0.0.1:13000/altws?appName=__default__&platform=unknown&platformVersion=unknown&deviceInstanceId=unknown&appId=unknown&driverType=SDK'.
Retrying #414 to: 'ws://127.0.0.1:13000/altws?appName=__default__&platform=unknown&platformVersion=unknown&deviceInstanceId=unknown&appId=unknown&driverType=SDK'.
Retrying #415 to: 'ws://127.0.0.1:13000/altws?appName=__default__&platform=unknown&platformVersion=unknown&deviceInstanceId=unknown&appId=unknown&driverType=SDK'.
Retrying #416 to: 'ws://127.0.0.1:13000/altws?appName=__default__&platform=unknown&platformVersion=unknown&deviceInstanceId=unknown&appId=unknown&driverType=SDK'.
Retrying #417 to: 'ws://127.0.0.1:13000/altws?appName=__default__&platform=unknown&platformVersion=unknown&deviceInstanceId=unknown&appId=unknown&driverType=SDK'.
Retrying #418 to: 'ws://127.0.0.1:13000/altws?appName=__default__&platform=unknown&platformVersion=unknown&deviceInstanceId=unknown&appId=unknown&driverType=SDK'.
Retrying #419 to: 'ws://127.0.0.1:13000/altws?appName=__default__&platform=unknown&platformVersion=unknown&deviceInstanceId=unknown&appId=unknown&driverType=SDK'.
Retrying #420 to: 'ws://127.0.0.1:13000/altws?appName=__default__&platform=unknown&platformVersion=unknown&deviceInstanceId=unknown&appId=unknown&driverType=SDK'.
Retrying #421 to: 'ws://127.0.0.1:13000/altws?appName=__default__&platform=unknown&platformVersion=unknown&deviceInstanceId=unknown&appId=unknown&driverType=SDK'.
Retrying #422 to: 'ws://127.0.0.1:13000/altws?appName=__default__&platform=unknown&platformVersion=unknown&deviceInstanceId=unknown&appId=unknown&driverType=SDK'.
Retrying #423 to: 'ws://127.0.0.1:13000/altws?appName=__default__&platform=unknown&platformVersion=unknown&deviceInstanceId=unknown&appId=unknown&driverType=SDK'.
Retrying #424 to: 'ws://127.0.0.1:13000/altws?appName=__default__&platform=unknown&platformVersion=unknown&deviceInstanceId=unknown&appId=unknown&driverType=SDK'.
Retrying #425 to: 'ws://127.0.0.1:13000/altws?appName=__default__&platform=unknown&platformVersion=unknown&deviceInstanceId=unknown&appId=unknown&driverType=SDK'.
Retrying #426 to: 'ws://127.0.0.1:13000/altws?appName=__default__&platform=unknown&platformVersion=unknown&deviceInstanceId=unknown&appId=unknown&driverType=SDK'.
Retrying #427 to: 'ws://127.0.0.1:13000/altws?appName=__default__&platform=unknown&platformVersion=unknown&deviceInstanceId=unknown&appId=unknown&driverType=SDK'.
Retrying #428 to: 'ws://127.0.0.1:13000/altws?appName=__default__&platform=unknown&platformVersion=unknown&deviceInstanceId=unknown&appId=unknown&driverType=SDK'.
Retrying #429 to: 'ws://127.0.0.1:13000/altws?appName=__default__&platform=unknown&platformVersion=unknown&deviceInstanceId=unknown&appId=unknown&driverType=SDK'.
Retrying #430 to: 'ws://127.0.0.1:13000/altws?appName=__default__&platform=unknown&platformVersion=unknown&deviceInstanceId=unknown&appId=unknown&driverType=SDK'.
Retrying #431 to: 'ws://127.0.0.1:13000/altws?appName=__default__&platform=unknown&platformVersion=unknown&deviceInstanceId=unknown&appId=unknown&driverType=SDK'.
Retrying #432 to: 'ws://127.0.0.1:13000/altws?appName=__default__&platform=unknown&platformVersion=unknown&deviceInstanceId=unknown&appId=unknown&driverType=SDK'.
Retrying #433 to: 'ws://127.0.0.1:13000/altws?appName=__default__&platform=unknown&platformVersion=unknown&deviceInstanceId=unknown&appId=unknown&driverType=SDK'.
Retrying #434 to: 'ws://127.0.0.1:13000/altws?appName=__default__&platform=unknown&platformVersion=unknown&deviceInstanceId=unknown&appId=unknown&driverType=SDK'.
Retrying #435 to: 'ws://127.0.0.1:13000/altws?appName=__default__&platform=unknown&platformVersion=unknown&deviceInstanceId=unknown&appId=unknown&driverType=SDK'.
Retrying #436 to: 'ws://127.0.0.1:13000/altws?appName=__default__&platform=unknown&platformVersion=unknown&deviceInstanceId=unknown&appId=unknown&driverType=SDK'.
Retrying #437 to: 'ws://127.0.0.1:13000/altws?appName=__default__&platform=unknown&platformVersion=unknown&deviceInstanceId=unknown&appId=unknown&driverType=SDK'.
Retrying #438 to: 'ws://127.0.0.1:13000/altws?appName=__default__&platform=unknown&platformVersion=unknown&deviceInstanceId=unknown&appId=unknown&driverType=SDK'.
Retrying #439 to: 'ws://127.0.0.1:13000/altws?appName=__default__&platform=unknown&platformVersion=unknown&deviceInstanceId=unknown&appId=unknown&driverType=SDK'.
Retrying #440 to: 'ws://127.0.0.1:13000/altws?appName=__default__&platform=unknown&platformVersion=unknown&deviceInstanceId=unknown&appId=unknown&driverType=SDK'.
Retrying #441 to: 'ws://127.0.0.1:13000/altws?appName=__default__&platform=unknown&platformVersion=unknown&deviceInstanceId=unknown&appId=unknown&driverType=SDK'.
Retrying #442 to: 'ws://127.0.0.1:13000/altws?appName=__default__&platform=unknown&platformVersion=unknown&deviceInstanceId=unknown&appId=unknown&driverType=SDK'.
Retrying #443 to: 'ws://127.0.0.1:13000/altws?appName=__default__&platform=unknown&platformVersion=unknown&deviceInstanceId=unknown&appId=unknown&driverType=SDK'.
Retrying #444 to: 'ws://127.0.0.1:13000/altws?appName=__default__&platform=unknown&platformVersion=unknown&deviceInstanceId=unknown&appId=unknown&driverType=SDK'.
Retrying #445 to: 'ws://127.0.0.1:13000/altws?appName=__default__&platform=unknown&platformVersion=unknown&deviceInstanceId=unknown&appId=unknown&driverType=SDK'.
Retrying #446 to: 'ws://127.0.0.1:13000/altws?appName=__default__&platform=unknown&platformVersion=unknown&deviceInstanceId=unknown&appId=unknown&driverType=SDK'.
Retrying #447 to: 'ws://127.0.0.1:13000/altws?appName=__default__&platform=unknown&platformVersion=unknown&deviceInstanceId=unknown&appId=unknown&driverType=SDK'.
Retrying #448 to: 'ws://127.0.0.1:13000/altws?appName=__default__&platform=unknown&platformVersion=unknown&deviceInstanceId=unknown&appId=unknown&driverType=SDK'.
Retrying #449 to: 'ws://127.0.0.1:13000/altws?appName=__default__&platform=unknown&platformVersion=unknown&deviceInstanceId=unknown&appId=unknown&driverType=SDK'.
Retrying #450 to: 'ws://127.0.0.1:13000/altws?appName=__default__&platform=unknown&platformVersion=unknown&deviceInstanceId=unknown&appId=unknown&driverType=SDK'.
Retrying #451 to: 'ws://127.0.0.1:13000/altws?appName=__default__&platform=unknown&platformVersion=unknown&deviceInstanceId=unknown&appId=unknown&driverType=SDK'.
Retrying #452 to: 'ws://127.0.0.1:13000/altws?appName=__default__&platform=unknown&platformVersion=unknown&deviceInstanceId=unknown&appId=unknown&driverType=SDK'.
Retrying #453 to: 'ws://127.0.0.1:13000/altws?appName=__default__&platform=unknown&platformVersion=unknown&deviceInstanceId=unknown&appId=unknown&driverType=SDK'.
Retrying #454 to: 'ws://127.0.0.1:13000/altws?appName=__default__&platform=unknown&platformVersion=unknown&deviceInstanceId=unknown&appId=unknown&driverType=SDK'.
Retrying #455 to: 'ws://127.0.0.1:13000/altws?appName=__default__&platform=unknown&platformVersion=unknown&deviceInstanceId=unknown&appId=unknown&driverType=SDK'.
Retrying #456 to: 'ws://127.0.0.1:13000/altws?appName=__default__&platform=unknown&platformVersion=unknown&deviceInstanceId=unknown&appId=unknown&driverType=SDK'.
Retrying #457 to: 'ws://127.0.0.1:13000/altws?appName=__default__&platform=unknown&platformVersion=unknown&deviceInstanceId=unknown&appId=unknown&driverType=SDK'.
Retrying #458 to: 'ws://127.0.0.1:13000/altws?appName=__default__&platform=unknown&platformVersion=unknown&deviceInstanceId=unknown&appId=unknown&driverType=SDK'.
Retrying #459 to: 'ws://127.0.0.1:13000/altws?appName=__default__&platform=unknown&platformVersion=unknown&deviceInstanceId=unknown&appId=unknown&driverType=SDK'.
Retrying #460 to: 'ws://127.0.0.1:13000/altws?appName=__default__&platform=unknown&platformVersion=unknown&deviceInstanceId=unknown&appId=unknown&driverType=SDK'.
Retrying #461 to: 'ws://127.0.0.1:13000/altws?appName=__default__&platform=unknown&platformVersion=unknown&deviceInstanceId=unknown&appId=unknown&driverType=SDK'.
Retrying #462 to: 'ws://127.0.0.1:13000/altws?appName=__default__&platform=unknown&platformVersion=unknown&deviceInstanceId=unknown&appId=unknown&driverType=SDK'.
Retrying #463 to: 'ws://127.0.0.1:13000/altws?appName=__default__&platform=unknown&platformVersion=unknown&deviceInstanceId=unknown&appId=unknown&driverType=SDK'.
Retrying #464 to: 'ws://127.0.0.1:13000/altws?appName=__default__&platform=unknown&platformVersion=unknown&deviceInstanceId=unknown&appId=unknown&driverType=SDK'.
Retrying #465 to: 'ws://127.0.0.1:13000/altws?appName=__default__&platform=unknown&platformVersion=unknown&deviceInstanceId=unknown&appId=unknown&driverType=SDK'.
Retrying #466 to: 'ws://127.0.0.1:13000/altws?appName=__default__&platform=unknown&platformVersion=unknown&deviceInstanceId=unknown&appId=unknown&driverType=SDK'.
Retrying #467 to: 'ws://127.0.0.1:13000/altws?appName=__default__&platform=unknown&platformVersion=unknown&deviceInstanceId=unknown&appId=unknown&driverType=SDK'.
Retrying #468 to: 'ws://127.0.0.1:13000/altws?appName=__default__&platform=unknown&platformVersion=unknown&deviceInstanceId=unknown&appId=unknown&driverType=SDK'.
Retrying #469 to: 'ws://127.0.0.1:13000/altws?appName=__default__&platform=unknown&platformVersion=unknown&deviceInstanceId=unknown&appId=unknown&driverType=SDK'.
Retrying #470 to: 'ws://127.0.0.1:13000/altws?appName=__default__&platform=unknown&platformVersion=unknown&deviceInstanceId=unknown&appId=unknown&driverType=SDK'.
]]></system-out>
  </testcase>
</testsuite>