<?xml version="1.0" encoding="UTF-8"?>
<testsuite xmlns:xsi="http://www.w3.org/2001/XMLSchema-instance" xsi:noNamespaceSchemaLocation="https://maven.apache.org/surefire/maven-surefire-plugin/xsd/surefire-test-report.xsd" name="com.alttester.TestsSampleScene5" time="28.426" tests="8" errors="0" skipped="0" failures="0">
  <properties>
[...]
</properties>
  <testcase name="TestCreatingStars" classname="com.alttester.TestsSampleScene5" time="3.61"/>
  <testcase name="TestCameraMovement" classname="com.alttester.TestsSampleScene5" time="2.766"/>
  <testcase name="TestMovementCube" classname="com.alttester.TestsSampleScene5" time="4.406"/>
  <testcase name="TestScroll" classname="com.alttester.TestsSampleScene5" time="3.087"/>
  <testcase name="TestUpdateAltObject" classname="com.alttester.TestsSampleScene5" time="2.879"/>
  <testcase name="TestScrollAndWait" classname="com.alttester.TestsSampleScene5" time="2.817"/>
  <testcase name="TestKeyDownAndKeyUp" classname="com.alttester.TestsSampleScene5" time="5.324"/>
  <testcase name="TestPowerJoystick" classname="com.alttester.TestsSampleScene5" time="2.291"/>
</testsuite>