<?xml version="1.0" encoding="UTF-8"?>
<testsuite xmlns:xsi="http://www.w3.org/2001/XMLSchema-instance" xsi:noNamespaceSchemaLocation="https://maven.apache.org/surefire/maven-surefire-plugin/xsd/surefire-test-report.xsd" name="com.alttester.TestsSampleScene1" time="141.08" tests="103" errors="1" skipped="0" failures="2">
  <properties>
[...]
</properties>
  <testcase name="TestGetParent" classname="com.alttester.TestsSampleScene1" time="0.544"/>
  <testcase name="testFindElementWithText" classname="com.alttester.TestsSampleScene1" time="0.756"/>
  <testcase name="testWaitForComponentProperty" classname="com.alttester.TestsSampleScene1" time="1.656"/>
  <testcase name="testSetCommandTimeout" classname="com.alttester.TestsSampleScene1" time="1.724"/>
  <testcase name="testFindNonExistentObjectByName" classname="com.alttester.TestsSampleScene1" time="0.433"/>
  <testcase name="TestPressNextScene" classname="com.alttester.TestsSampleScene1" time="0.973"/>
  <testcase name="TestGetChineseLetters" classname="com.alttester.TestsSampleScene1" time="0.65"/>
  <testcase name="testFindElementWhereNameContains" classname="com.alttester.TestsSampleScene1" time="0.429"/>
  <testcase name="TestFindParentUsingPath" classname="com.alttester.TestsSampleScene1" time="0.435"/>
  <testcase name="testGetAllElements" classname="com.alttester.TestsSampleScene1" time="1.548"/>
  <testcase name="testButtonClickWithSwipe" classname="com.alttester.TestsSampleScene1" time="1.952"/>
  <testcase name="TestSetComponentPropertyComplexClass2" classname="com.alttester.TestsSampleScene1" time="0.654"/>
  <testcase name="testCallPrivateMethod" classname="com.alttester.TestsSampleScene1" time="0.789"/>
  <testcase name="testGetStaticProperty" classname="com.alttester.TestsSampleScene1" time="0.776"/>
  <testcase name="TestWaitForObjectToNotBePresent" classname="com.alttester.TestsSampleScene1" time="6.139"/>
  <testcase name="testFindElement" classname="com.alttester.TestsSampleScene1" time="0.539"/>
  <testcase name="TestWaitForComponentPropertyNotFound" classname="com.alttester.TestsSampleScene1" time="1.647"/>
  <testcase name="testGetCurrentScene" classname="com.alttester.TestsSampleScene1" time="0.537"/>
  <testcase name="TestLoadAdditiveScenes" classname="com.alttester.TestsSampleScene1" time="0.989"/>
  <testcase name="testWaitForNonExistingElementWhereNameContains" classname="com.alttester.TestsSampleScene1" time="1.673"/>
  <testcase name="testFindElementsWhereNameContains" classname="com.alttester.TestsSampleScene1" time="0.429"/>
  <testcase name="TestUnloadOnlyScene" classname="com.alttester.TestsSampleScene1" time="0.436"/>
  <testcase name="TestGetComponentPropertyComplexClass2" classname="com.alttester.TestsSampleScene1" time="0.536"/>
  <testcase name="testScreenshot" classname="com.alttester.TestsSampleScene1" time="0.655"/>
  <testcase name="testFindElementAtCoordinates_NoElement" classname="com.alttester.TestsSampleScene1" time="0.428"/>
  <testcase name="TestSetText" classname="com.alttester.TestsSampleScene1" time="0.861"/>
  <testcase name="testGetComponentPropertyInvalidDeserialization" classname="com.alttester.TestsSampleScene1" time="0.552">
    <failure message="expected: &lt;Could not deserialize response data: `true` into int&gt; but was: &lt;Could not deserialize response data: `false` into int&gt;" type="org.opentest4j.AssertionFailedError"><![CDATA[org.opentest4j.AssertionFailedError: expected: <Could not deserialize response data: `true` into int> but was: <Could not deserialize response data: `false` into int>
	at com.alttester.TestsSampleScene1.testGetComponentPropertyInvalidDeserialization(TestsSampleScene1.java:516)
]]></failure>
    <system-out><![CDATA[command sent: {"messageId":"1719407304850","commandName":"resetInput"}
response received: {"messageId":"1719407304850","driverId":"dd34f340764d4a22845c93b1edeef2b0","commandName":"resetInput","error":null,"data":"\"Ok\"","isNotification":false}
command sent: {"loadSingle":true,"sceneName":"Scene 1 AltDriverTestScene","messageId":"1719407304958","commandName":"loadScene"}
response received: {"messageId":null,"driverId":null,"commandName":"logNotification","error":null,"data":"{\"message\":\"2024-06-26 16:08:24.9976|Tester|DEBUG|response sent: {\\\"messageId\\\":\\\"1719407304850\\\",\\\"driverId\\\":\\\"dd34f340764d4a22845c93b1edeef2b0\\\",\\\"commandName\\\":\\\"resetInput\\\",\\\"error\\\":null,\\\"data\\\":\\\"\\\\\\\"Ok\\\\\\\"\\\",\\\"isNotification\\\":false}\",\"stackTrace\":\"\",\"level\":1}","isNotification":true}
response received: {"messageId":"1719407304958","driverId":"dd34f340764d4a22845c93b1edeef2b0","commandName":"loadScene","error":null,"data":"\"Ok\"","isNotification":false}
response received: {"messageId":null,"driverId":null,"commandName":"logNotification","error":null,"data":"{\"message\":\"2024-06-26 16:08:25.0989|Tester|DEBUG|response sent: {\\\"messageId\\\":\\\"1719407304958\\\",\\\"driverId\\\":\\\"dd34f340764d4a22845c93b1edeef2b0\\\",\\\"commandName\\\":\\\"loadScene\\\",\\\"error\\\":null,\\\"data\\\":\\\"\\\\\\\"Ok\\\\\\\"\\\",\\\"isNotification\\\":false}\",\"stackTrace\":\"\",\"level\":1}","isNotification":true}
response received: {"messageId":"1719407304958","driverId":"dd34f340764d4a22845c93b1edeef2b0","commandName":"loadScene","error":null,"data":"\"Scene Loaded\"","isNotification":false}
response received: {"messageId":null,"driverId":null,"commandName":"logNotification","error":null,"data":"{\"message\":\"2024-06-26 16:08:25.1696|Tester|DEBUG|response sent: {\\\"messageId\\\":\\\"1719407304958\\\",\\\"driverId\\\":\\\"dd34f340764d4a22845c93b1edeef2b0\\\",\\\"commandName\\\":\\\"loadScene\\\",\\\"error\\\":null,\\\"data\\\":\\\"\\\\\\\"Scene Loaded\\\\\\\"\\\",\\\"isNotification\\\":false}\",\"stackTrace\":\"\",\"level\":1}","isNotification":true}
command sent: {"by":"NAME","path":"//AltTesterPrefab","cameraBy":"NAME","cameraPath":"//","enabled":true,"value":"AltTesterPrefab","cameraValue":"","messageId":"1719407305175","commandName":"findObject"}
response received: {"messageId":null,"driverId":null,"commandName":"logNotification","error":null,"data":"{\"message\":\"OlfFindObject //AltTesterPrefab\",\"stackTrace\":\"\",\"level\":1}","isNotification":true}
response received: {"messageId":"1719407305175","driverId":"dd34f340764d4a22845c93b1edeef2b0","commandName":"findObject","error":null,"data":"{\"name\":\"AltTesterPrefab\",\"id\":2518,\"x\":1073,\"y\":648,\"z\":15,\"mobileY\":432,\"type\":\"\",\"enabled\":true,\"worldX\":0.0,\"worldY\":0.0,\"worldZ\":0.0,\"idCamera\":41012,\"transformParentId\":0,\"transformId\":2558}","isNotification":false}
response received: {"messageId":null,"driverId":null,"commandName":"logNotification","error":null,"data":"{\"message\":\"2024-06-26 16:08:25.3536|Tester|DEBUG|response sent: {\\\"messageId\\\":\\\"1719407305175\\\",\\\"driverId\\\":\\\"dd34f340764d4a22845c93b1edeef2b0\\\",\\\"commandName\\\":\\\"findObject\\\",\\\"error\\\":null,\\\"data\\\":\\\"{\\\\\\\"name\\\\\\\":\\\\\\\"AltTesterPrefab\\\\\\\",\\\\\\\"id\\\\\\\":2518,\\\\\\\"x\\\\\\\":1073,\\\\\\\"y\\\\\\\":648,\\\\\\\"z\\\\\\\":15,\\\\\\\"mobileY\\\\\\\":432,\\\\\\\"type\\\\\\\":\\\\\\\"\\\\\\\",\\\\\\\"enabled\\\\\\\":true,\\\\\\\"worldX\\\\\\\":0.0,\\\\\\\"worldY\\\\\\\":0.0,\\\\\\\"worldZ\\\\\\\":0.0,\\\\\\\"idCamera\\\\\\\":41012,\\\\\\\"transformParentId\\\\\\\":0,\\\\\\\"transformId\\\\\\\":2558}\\\",\\\"isNotification\\\":false}\",\"stackTrace\":\"\",\"level\":1}","isNotification":true}
command sent: {"component":"AltTester.AltTesterUnitySDK.AltRunner","property":"InstrumentationSettings.ResetConnectionData","assembly":"AltTester.AltTesterUnitySDK","maxDepth":2,"altObject":{"name":"AltTesterPrefab","id":2518,"x":1073,"y":648,"z":15,"mobileY":432,"type":"","enabled":true,"worldX":0.0,"worldY":0.0,"worldZ":0.0,"idCamera":41012,"transformParentId":0,"transformId":2558},"messageId":"1719407305283","commandName":"getObjectComponentProperty"}
response received: {"messageId":"1719407305283","driverId":"dd34f340764d4a22845c93b1edeef2b0","commandName":"getObjectComponentProperty","error":null,"data":"false","isNotification":false}
response received: {"messageId":null,"driverId":null,"commandName":"logNotification","error":null,"data":"{\"message\":\"2024-06-26 16:08:25.4176|Tester|DEBUG|response sent: {\\\"messageId\\\":\\\"1719407305283\\\",\\\"driverId\\\":\\\"dd34f340764d4a22845c93b1edeef2b0\\\",\\\"commandName\\\":\\\"getObjectComponentProperty\\\",\\\"error\\\":null,\\\"data\\\":\\\"false\\\",\\\"isNotification\\\":false}\",\"stackTrace\":\"\",\"level\":1}","isNotification":true}
]]></system-out>
  </testcase>
  <testcase name="TestClickElement" classname="com.alttester.TestsSampleScene1" time="0.796"/>
  <testcase name="testWaitForExistingElementWhereNameContains" classname="com.alttester.TestsSampleScene1" time="0.431"/>
  <testcase name="TestWaitForObjectWithCameraId" classname="com.alttester.TestsSampleScene1" time="1.291"/>
  <testcase name="testGetComponentPropertyUnityEngine" classname="com.alttester.TestsSampleScene1" time="0.537"/>
  <testcase name="testCallMethodAssmeblyNotFound" classname="com.alttester.TestsSampleScene1" time="0.54"/>
  <testcase name="testCallMethodInvalidParameterType" classname="com.alttester.TestsSampleScene1" time="0.54"/>
  <testcase name="TestWaitForObjectWithTag" classname="com.alttester.TestsSampleScene1" time="1.078"/>
  <testcase name="TestGetServerVersion" classname="com.alttester.TestsSampleScene1" time="0.433"/>
  <testcase name="testCallMethodWithNoParameters" classname="com.alttester.TestsSampleScene1" time="0.542"/>
  <testcase name="TestClickCoordinates" classname="com.alttester.TestsSampleScene1" time="0.753"/>
  <testcase name="testWaitForExistingDisabledElement" classname="com.alttester.TestsSampleScene1" time="0.432"/>
  <testcase name="testCallMethodWithIncorrectNumberOfParameters" classname="com.alttester.TestsSampleScene1" time="0.54"/>
  <testcase name="TestWaitForComponentPropertyMultipleTypes" classname="com.alttester.TestsSampleScene1" time="28.163">
    <error message="Property transform was &quot;[[],[[]],[[]],[[]],[[]],[[],[]],[[[],[],[]]],[],[],[[]],[[]],[[]]]&quot; and was not &quot;[[],[[]],[[]],[[]],[[]],[[],[],[]],[[[],[],[]]],[],[],[[]],[[]],[[]]]&quot; after 20.0 seconds" type="com.alttester.altTesterExceptions.WaitTimeOutException">com.alttester.altTesterExceptions.WaitTimeOutException: Property transform was "[[],[[]],[[]],[[]],[[]],[[],[]],[[[],[],[]]],[],[],[[]],[[]],[[]]]" and was not "[[],[[]],[[]],[[]],[[]],[[],[],[]],[[[],[],[]]],[],[],[[]],[[]],[[]]]" after 20.0 seconds
	at com.alttester.TestsSampleScene1.TestWaitForComponentPropertyMultipleTypes(TestsSampleScene1.java:418)
</error>
    <system-out><![CDATA[command sent: {"messageId":"1719407313324","commandName":"resetInput"}
response received: {"messageId":"1719407313324","driverId":"dd34f340764d4a22845c93b1edeef2b0","commandName":"resetInput","error":null,"data":"\"Ok\"","isNotification":false}
command sent: {"loadSingle":true,"sceneName":"Scene 1 AltDriverTestScene","messageId":"1719407313431","commandName":"loadScene"}
response received: {"messageId":null,"driverId":null,"commandName":"logNotification","error":null,"data":"{\"message\":\"2024-06-26 16:08:33.4945|Tester|DEBUG|response sent: {\\\"messageId\\\":\\\"1719407313324\\\",\\\"driverId\\\":\\\"dd34f340764d4a22845c93b1edeef2b0\\\",\\\"commandName\\\":\\\"resetInput\\\",\\\"error\\\":null,\\\"data\\\":\\\"\\\\\\\"Ok\\\\\\\"\\\",\\\"isNotification\\\":false}\",\"stackTrace\":\"\",\"level\":1}","isNotification":true}
response received: {"messageId":"1719407313431","driverId":"dd34f340764d4a22845c93b1edeef2b0","commandName":"loadScene","error":null,"data":"\"Ok\"","isNotification":false}
response received: {"messageId":null,"driverId":null,"commandName":"logNotification","error":null,"data":"{\"message\":\"2024-06-26 16:08:33.5977|Tester|DEBUG|response sent: {\\\"messageId\\\":\\\"1719407313431\\\",\\\"driverId\\\":\\\"dd34f340764d4a22845c93b1edeef2b0\\\",\\\"commandName\\\":\\\"loadScene\\\",\\\"error\\\":null,\\\"data\\\":\\\"\\\\\\\"Ok\\\\\\\"\\\",\\\"isNotification\\\":false}\",\"stackTrace\":\"\",\"level\":1}","isNotification":true}
response received: {"messageId":"1719407313431","driverId":"dd34f340764d4a22845c93b1edeef2b0","commandName":"loadScene","error":null,"data":"\"Scene Loaded\"","isNotification":false}
response received: {"messageId":null,"driverId":null,"commandName":"logNotification","error":null,"data":"{\"message\":\"2024-06-26 16:08:33.6664|Tester|DEBUG|response sent: {\\\"messageId\\\":\\\"1719407313431\\\",\\\"driverId\\\":\\\"dd34f340764d4a22845c93b1edeef2b0\\\",\\\"commandName\\\":\\\"loadScene\\\",\\\"error\\\":null,\\\"data\\\":\\\"\\\\\\\"Scene Loaded\\\\\\\"\\\",\\\"isNotification\\\":false}\",\"stackTrace\":\"\",\"level\":1}","isNotification":true}
Waiting for element where name contains null....
command sent: {"by":"PATH","path":"/Canvas","cameraBy":"NAME","cameraPath":"//","enabled":true,"value":"/Canvas","cameraValue":"","messageId":"1719407313649","commandName":"findObject"}
response received: {"messageId":null,"driverId":null,"commandName":"logNotification","error":null,"data":"{\"message\":\"OlfFindObject /Canvas\",\"stackTrace\":\"\",\"level\":1}","isNotification":true}
response received: {"messageId":"1719407313649","driverId":"dd34f340764d4a22845c93b1edeef2b0","commandName":"findObject","error":null,"data":"{\"name\":\"Canvas\",\"id\":49526,\"x\":960,\"y\":540,\"z\":0,\"mobileY\":540,\"type\":\"\",\"enabled\":true,\"worldX\":960.0,\"worldY\":540.0,\"worldZ\":0.0,\"idCamera\":49644,\"transformParentId\":0,\"transformId\":49820}","isNotification":false}
response received: {"messageId":null,"driverId":null,"commandName":"logNotification","error":null,"data":"{\"message\":\"2024-06-26 16:08:33.8228|Tester|DEBUG|response sent: {\\\"messageId\\\":\\\"1719407313649\\\",\\\"driverId\\\":\\\"dd34f340764d4a22845c93b1edeef2b0\\\",\\\"commandName\\\":\\\"findObject\\\",\\\"error\\\":null,\\\"data\\\":\\\"{\\\\\\\"name\\\\\\\":\\\\\\\"Canvas\\\\\\\",\\\\\\\"id\\\\\\\":49526,\\\\\\\"x\\\\\\\":960,\\\\\\\"y\\\\\\\":540,\\\\\\\"z\\\\\\\":0,\\\\\\\"mobileY\\\\\\\":540,\\\\\\\"type\\\\\\\":\\\\\\\"\\\\\\\",\\\\\\\"enabled\\\\\\\":true,\\\\\\\"worldX\\\\\\\":960.0,\\\\\\\"worldY\\\\\\\":540.0,\\\\\\\"worldZ\\\\\\\":0.0,\\\\\\\"idCamera\\\\\\\":49644,\\\\\\\"transformParentId\\\\\\\":0,\\\\\\\"transformId\\\\\\\":49820}\\\",\\\"isNotification\\\":false}\",\"stackTrace\":\"\",\"level\":1}","isNotification":true}
Waiting for element where name contains rect.x....
command sent: {"component":"UnityEngine.RectTransform","property":"rect.x","assembly":"UnityEngine.CoreModule","maxDepth":2,"altObject":{"name":"Canvas","id":49526,"x":960,"y":540,"z":0,"mobileY":540,"type":"","enabled":true,"worldX":960.0,"worldY":540.0,"worldZ":0.0,"idCamera":49644,"transformParentId":0,"transformId":49820},"messageId":"1719407313760","commandName":"getObjectComponentProperty"}
response received: {"messageId":"1719407313760","driverId":"dd34f340764d4a22845c93b1edeef2b0","commandName":"getObjectComponentProperty","error":null,"data":"-960.0","isNotification":false}
Waiting for element where name contains hasChanged....
command sent: {"component":"UnityEngine.RectTransform","property":"hasChanged","assembly":"UnityEngine.CoreModule","maxDepth":2,"altObject":{"name":"Canvas","id":49526,"x":960,"y":540,"z":0,"mobileY":540,"type":"","enabled":true,"worldX":960.0,"worldY":540.0,"worldZ":0.0,"idCamera":49644,"transformParentId":0,"transformId":49820},"messageId":"1719407313866","commandName":"getObjectComponentProperty"}
response received: {"messageId":null,"driverId":null,"commandName":"logNotification","error":null,"data":"{\"message\":\"2024-06-26 16:08:33.9201|Tester|DEBUG|response sent: {\\\"messageId\\\":\\\"1719407313760\\\",\\\"driverId\\\":\\\"dd34f340764d4a22845c93b1edeef2b0\\\",\\\"commandName\\\":\\\"getObjectComponentProperty\\\",\\\"error\\\":null,\\\"data\\\":\\\"-960.0\\\",\\\"isNotification\\\":false}\",\"stackTrace\":\"\",\"level\":1}","isNotification":true}
response received: {"messageId":"1719407313866","driverId":"dd34f340764d4a22845c93b1edeef2b0","commandName":"getObjectComponentProperty","error":null,"data":"true","isNotification":false}
Waiting for element where name contains tag....
command sent: {"component":"UnityEngine.RectTransform","property":"tag","assembly":"UnityEngine.CoreModule","maxDepth":2,"altObject":{"name":"Canvas","id":49526,"x":960,"y":540,"z":0,"mobileY":540,"type":"","enabled":true,"worldX":960.0,"worldY":540.0,"worldZ":0.0,"idCamera":49644,"transformParentId":0,"transformId":49820},"messageId":"1719407313972","commandName":"getObjectComponentProperty"}
response received: {"messageId":null,"driverId":null,"commandName":"logNotification","error":null,"data":"{\"message\":\"2024-06-26 16:08:34.0192|Tester|DEBUG|response sent: {\\\"messageId\\\":\\\"1719407313866\\\",\\\"driverId\\\":\\\"dd34f340764d4a22845c93b1edeef2b0\\\",\\\"commandName\\\":\\\"getObjectComponentProperty\\\",\\\"error\\\":null,\\\"data\\\":\\\"true\\\",\\\"isNotification\\\":false}\",\"stackTrace\":\"\",\"level\":1}","isNotification":true}
response received: {"messageId":"1719407313972","driverId":"dd34f340764d4a22845c93b1edeef2b0","commandName":"getObjectComponentProperty","error":null,"data":"\"Untagged\"","isNotification":false}
response received: {"messageId":null,"driverId":null,"commandName":"logNotification","error":null,"data":"{\"message\":\"2024-06-26 16:08:34.1263|Tester|DEBUG|response sent: {\\\"messageId\\\":\\\"1719407313972\\\",\\\"driverId\\\":\\\"dd34f340764d4a22845c93b1edeef2b0\\\",\\\"commandName\\\":\\\"getObjectComponentProperty\\\",\\\"error\\\":null,\\\"data\\\":\\\"\\\\\\\"Untagged\\\\\\\"\\\",\\\"isNotification\\\":false}\",\"stackTrace\":\"\",\"level\":1}","isNotification":true}
Waiting for element where name contains hideFlags....
command sent: {"component":"UnityEngine.RectTransform","property":"hideFlags","assembly":"UnityEngine.CoreModule","maxDepth":2,"altObject":{"name":"Canvas","id":49526,"x":960,"y":540,"z":0,"mobileY":540,"type":"","enabled":true,"worldX":960.0,"worldY":540.0,"worldZ":0.0,"idCamera":49644,"transformParentId":0,"transformId":49820},"messageId":"1719407314080","commandName":"getObjectComponentProperty"}
response received: {"messageId":"1719407314080","driverId":"dd34f340764d4a22845c93b1edeef2b0","commandName":"getObjectComponentProperty","error":null,"data":"0","isNotification":false}
response received: {"messageId":null,"driverId":null,"commandName":"logNotification","error":null,"data":"{\"message\":\"2024-06-26 16:08:34.2264|Tester|DEBUG|response sent: {\\\"messageId\\\":\\\"1719407314080\\\",\\\"driverId\\\":\\\"dd34f340764d4a22845c93b1edeef2b0\\\",\\\"commandName\\\":\\\"getObjectComponentProperty\\\",\\\"error\\\":null,\\\"data\\\":\\\"0\\\",\\\"isNotification\\\":false}\",\"stackTrace\":\"\",\"level\":1}","isNotification":true}
Waiting for element where name contains reapplyDrivenProperties.Target....
command sent: {"component":"UnityEngine.RectTransform","property":"reapplyDrivenProperties.Target","assembly":"UnityEngine.CoreModule","maxDepth":2,"altObject":{"name":"Canvas","id":49526,"x":960,"y":540,"z":0,"mobileY":540,"type":"","enabled":true,"worldX":960.0,"worldY":540.0,"worldZ":0.0,"idCamera":49644,"transformParentId":0,"transformId":49820},"messageId":"1719407314189","commandName":"getObjectComponentProperty"}
response received: {"messageId":"1719407314189","driverId":"dd34f340764d4a22845c93b1edeef2b0","commandName":"getObjectComponentProperty","error":null,"data":null,"isNotification":false}
response received: {"messageId":null,"driverId":null,"commandName":"logNotification","error":null,"data":"{\"message\":\"2024-06-26 16:08:34.3211|Tester|DEBUG|response sent: {\\\"messageId\\\":\\\"1719407314189\\\",\\\"driverId\\\":\\\"dd34f340764d4a22845c93b1edeef2b0\\\",\\\"commandName\\\":\\\"getObjectComponentProperty\\\",\\\"error\\\":null,\\\"data\\\":null,\\\"isNotification\\\":false}\",\"stackTrace\":\"\",\"level\":1}","isNotification":true}
Waiting for element where name contains transform....
command sent: {"component":"UnityEngine.UI.CanvasScaler","property":"transform","assembly":"UnityEngine.UI","maxDepth":2,"altObject":{"name":"Canvas","id":49526,"x":960,"y":540,"z":0,"mobileY":540,"type":"","enabled":true,"worldX":960.0,"worldY":540.0,"worldZ":0.0,"idCamera":49644,"transformParentId":0,"transformId":49820},"messageId":"1719407314325","commandName":"getObjectComponentProperty"}
response received: {"messageId":"1719407314325","driverId":"dd34f340764d4a22845c93b1edeef2b0","commandName":"getObjectComponentProperty","error":null,"data":"[[],[[]],[[]],[[]],[[]],[[],[]],[[[],[],[]]],[],[],[[]],[[]],[[]]]","isNotification":false}
response received: {"messageId":null,"driverId":null,"commandName":"logNotification","error":null,"data":"{\"message\":\"2024-06-26 16:08:34.4810|Tester|DEBUG|response sent: {\\\"messageId\\\":\\\"1719407314325\\\",\\\"driverId\\\":\\\"dd34f340764d4a22845c93b1edeef2b0\\\",\\\"commandName\\\":\\\"getObjectComponentProperty\\\",\\\"error\\\":null,\\\"data\\\":\\\"[[],[[]],[[]],[[]],[[]],[[],[]],[[[],[],[]]],[],[],[[]],[[]],[[]]]\\\",\\\"isNotification\\\":false}\",\"stackTrace\":\"\",\"level\":1}","isNotification":true}
Waiting for element where name contains transform....
command sent: {"component":"UnityEngine.UI.CanvasScaler","property":"transform","assembly":"UnityEngine.UI","maxDepth":2,"altObject":{"name":"Canvas","id":49526,"x":960,"y":540,"z":0,"mobileY":540,"type":"","enabled":true,"worldX":960.0,"worldY":540.0,"worldZ":0.0,"idCamera":49644,"transformParentId":0,"transformId":49820},"messageId":"1719407314948","commandName":"getObjectComponentProperty"}
response received: {"messageId":"1719407314948","driverId":"dd34f340764d4a22845c93b1edeef2b0","commandName":"getObjectComponentProperty","error":null,"data":"[[],[[]],[[]],[[]],[[]],[[],[]],[[[],[],[]]],[],[],[[]],[[]],[[]]]","isNotification":false}
response received: {"messageId":null,"driverId":null,"commandName":"logNotification","error":null,"data":"{\"message\":\"2024-06-26 16:08:35.2244|Tester|DEBUG|response sent: {\\\"messageId\\\":\\\"1719407314948\\\",\\\"driverId\\\":\\\"dd34f340764d4a22845c93b1edeef2b0\\\",\\\"commandName\\\":\\\"getObjectComponentProperty\\\",\\\"error\\\":null,\\\"data\\\":\\\"[[],[[]],[[]],[[]],[[]],[[],[]],[[[],[],[]]],[],[],[[]],[[]],[[]]]\\\",\\\"isNotification\\\":false}\",\"stackTrace\":\"\",\"level\":1}","isNotification":true}
Waiting for element where name contains transform....
command sent: {"component":"UnityEngine.UI.CanvasScaler","property":"transform","assembly":"UnityEngine.UI","maxDepth":2,"altObject":{"name":"Canvas","id":49526,"x":960,"y":540,"z":0,"mobileY":540,"type":"","enabled":true,"worldX":960.0,"worldY":540.0,"worldZ":0.0,"idCamera":49644,"transformParentId":0,"transformId":49820},"messageId":"1719407315678","commandName":"getObjectComponentProperty"}
response received: {"messageId":"1719407315678","driverId":"dd34f340764d4a22845c93b1edeef2b0","commandName":"getObjectComponentProperty","error":null,"data":"[[],[[]],[[]],[[]],[[]],[[],[]],[[[],[],[]]],[],[],[[]],[[]],[[]]]","isNotification":false}
response received: {"messageId":null,"driverId":null,"commandName":"logNotification","error":null,"data":"{\"message\":\"2024-06-26 16:08:35.9713|Tester|DEBUG|response sent: {\\\"messageId\\\":\\\"1719407315678\\\",\\\"driverId\\\":\\\"dd34f340764d4a22845c93b1edeef2b0\\\",\\\"commandName\\\":\\\"getObjectComponentProperty\\\",\\\"error\\\":null,\\\"data\\\":\\\"[[],[[]],[[]],[[]],[[]],[[],[]],[[[],[],[]]],[],[],[[]],[[]],[[]]]\\\",\\\"isNotification\\\":false}\",\"stackTrace\":\"\",\"level\":1}","isNotification":true}
Waiting for element where name contains transform....
command sent: {"component":"UnityEngine.UI.CanvasScaler","property":"transform","assembly":"UnityEngine.UI","maxDepth":2,"altObject":{"name":"Canvas","id":49526,"x":960,"y":540,"z":0,"mobileY":540,"type":"","enabled":true,"worldX":960.0,"worldY":540.0,"worldZ":0.0,"idCamera":49644,"transformParentId":0,"transformId":49820},"messageId":"1719407316410","commandName":"getObjectComponentProperty"}
response received: {"messageId":"1719407316410","driverId":"dd34f340764d4a22845c93b1edeef2b0","commandName":"getObjectComponentProperty","error":null,"data":"[[],[[]],[[]],[[]],[[]],[[],[]],[[[],[],[]]],[],[],[[]],[[]],[[]]]","isNotification":false}
response received: {"messageId":null,"driverId":null,"commandName":"logNotification","error":null,"data":"{\"message\":\"2024-06-26 16:08:36.6449|Tester|DEBUG|response sent: {\\\"messageId\\\":\\\"1719407316410\\\",\\\"driverId\\\":\\\"dd34f340764d4a22845c93b1edeef2b0\\\",\\\"commandName\\\":\\\"getObjectComponentProperty\\\",\\\"error\\\":null,\\\"data\\\":\\\"[[],[[]],[[]],[[]],[[]],[[],[]],[[[],[],[]]],[],[],[[]],[[]],[[]]]\\\",\\\"isNotification\\\":false}\",\"stackTrace\":\"\",\"level\":1}","isNotification":true}
Waiting for element where name contains transform....
command sent: {"component":"UnityEngine.UI.CanvasScaler","property":"transform","assembly":"UnityEngine.UI","maxDepth":2,"altObject":{"name":"Canvas","id":49526,"x":960,"y":540,"z":0,"mobileY":540,"type":"","enabled":true,"worldX":960.0,"worldY":540.0,"worldZ":0.0,"idCamera":49644,"transformParentId":0,"transformId":49820},"messageId":"1719407317134","commandName":"getObjectComponentProperty"}
response received: {"messageId":"1719407317134","driverId":"dd34f340764d4a22845c93b1edeef2b0","commandName":"getObjectComponentProperty","error":null,"data":"[[],[[]],[[]],[[]],[[]],[[],[]],[[[],[],[]]],[],[],[[]],[[]],[[]]]","isNotification":false}
response received: {"messageId":null,"driverId":null,"commandName":"logNotification","error":null,"data":"{\"message\":\"2024-06-26 16:08:37.3569|Tester|DEBUG|response sent: {\\\"messageId\\\":\\\"1719407317134\\\",\\\"driverId\\\":\\\"dd34f340764d4a22845c93b1edeef2b0\\\",\\\"commandName\\\":\\\"getObjectComponentProperty\\\",\\\"error\\\":null,\\\"data\\\":\\\"[[],[[]],[[]],[[]],[[]],[[],[]],[[[],[],[]]],[],[],[[]],[[]],[[]]]\\\",\\\"isNotification\\\":false}\",\"stackTrace\":\"\",\"level\":1}","isNotification":true}
Waiting for element where name contains transform....
command sent: {"component":"UnityEngine.UI.CanvasScaler","property":"transform","assembly":"UnityEngine.UI","maxDepth":2,"altObject":{"name":"Canvas","id":49526,"x":960,"y":540,"z":0,"mobileY":540,"type":"","enabled":true,"worldX":960.0,"worldY":540.0,"worldZ":0.0,"idCamera":49644,"transformParentId":0,"transformId":49820},"messageId":"1719407317862","commandName":"getObjectComponentProperty"}
response received: {"messageId":"1719407317862","driverId":"dd34f340764d4a22845c93b1edeef2b0","commandName":"getObjectComponentProperty","error":null,"data":"[[],[[]],[[]],[[]],[[]],[[],[]],[[[],[],[]]],[],[],[[]],[[]],[[]]]","isNotification":false}
response received: {"messageId":null,"driverId":null,"commandName":"logNotification","error":null,"data":"{\"message\":\"2024-06-26 16:08:38.0377|Tester|DEBUG|response sent: {\\\"messageId\\\":\\\"1719407317862\\\",\\\"driverId\\\":\\\"dd34f340764d4a22845c93b1edeef2b0\\\",\\\"commandName\\\":\\\"getObjectComponentProperty\\\",\\\"error\\\":null,\\\"data\\\":\\\"[[],[[]],[[]],[[]],[[]],[[],[]],[[[],[],[]]],[],[],[[]],[[]],[[]]]\\\",\\\"isNotification\\\":false}\",\"stackTrace\":\"\",\"level\":1}","isNotification":true}
Waiting for element where name contains transform....
command sent: {"component":"UnityEngine.UI.CanvasScaler","property":"transform","assembly":"UnityEngine.UI","maxDepth":2,"altObject":{"name":"Canvas","id":49526,"x":960,"y":540,"z":0,"mobileY":540,"type":"","enabled":true,"worldX":960.0,"worldY":540.0,"worldZ":0.0,"idCamera":49644,"transformParentId":0,"transformId":49820},"messageId":"1719407318480","commandName":"getObjectComponentProperty"}
response received: {"messageId":"1719407318480","driverId":"dd34f340764d4a22845c93b1edeef2b0","commandName":"getObjectComponentProperty","error":null,"data":"[[],[[]],[[]],[[]],[[]],[[],[]],[[[],[],[]]],[],[],[[]],[[]],[[]]]","isNotification":false}
response received: {"messageId":null,"driverId":null,"commandName":"logNotification","error":null,"data":"{\"message\":\"2024-06-26 16:08:38.6792|Tester|DEBUG|response sent: {\\\"messageId\\\":\\\"1719407318480\\\",\\\"driverId\\\":\\\"dd34f340764d4a22845c93b1edeef2b0\\\",\\\"commandName\\\":\\\"getObjectComponentProperty\\\",\\\"error\\\":null,\\\"data\\\":\\\"[[],[[]],[[]],[[]],[[]],[[],[]],[[[],[],[]]],[],[],[[]],[[]],[[]]]\\\",\\\"isNotification\\\":false}\",\"stackTrace\":\"\",\"level\":1}","isNotification":true}
Waiting for element where name contains transform....
command sent: {"component":"UnityEngine.UI.CanvasScaler","property":"transform","assembly":"UnityEngine.UI","maxDepth":2,"altObject":{"name":"Canvas","id":49526,"x":960,"y":540,"z":0,"mobileY":540,"type":"","enabled":true,"worldX":960.0,"worldY":540.0,"worldZ":0.0,"idCamera":49644,"transformParentId":0,"transformId":49820},"messageId":"1719407319203","commandName":"getObjectComponentProperty"}
response received: {"messageId":"1719407319203","driverId":"dd34f340764d4a22845c93b1edeef2b0","commandName":"getObjectComponentProperty","error":null,"data":"[[],[[]],[[]],[[]],[[]],[[],[]],[[[],[],[]]],[],[],[[]],[[]],[[]]]","isNotification":false}
response received: {"messageId":null,"driverId":null,"commandName":"logNotification","error":null,"data":"{\"message\":\"2024-06-26 16:08:39.4209|Tester|DEBUG|response sent: {\\\"messageId\\\":\\\"1719407319203\\\",\\\"driverId\\\":\\\"dd34f340764d4a22845c93b1edeef2b0\\\",\\\"commandName\\\":\\\"getObjectComponentProperty\\\",\\\"error\\\":null,\\\"data\\\":\\\"[[],[[]],[[]],[[]],[[]],[[],[]],[[[],[],[]]],[],[],[[]],[[]],[[]]]\\\",\\\"isNotification\\\":false}\",\"stackTrace\":\"\",\"level\":1}","isNotification":true}
Waiting for element where name contains transform....
command sent: {"component":"UnityEngine.UI.CanvasScaler","property":"transform","assembly":"UnityEngine.UI","maxDepth":2,"altObject":{"name":"Canvas","id":49526,"x":960,"y":540,"z":0,"mobileY":540,"type":"","enabled":true,"worldX":960.0,"worldY":540.0,"worldZ":0.0,"idCamera":49644,"transformParentId":0,"transformId":49820},"messageId":"1719407319930","commandName":"getObjectComponentProperty"}
response received: {"messageId":"1719407319930","driverId":"dd34f340764d4a22845c93b1edeef2b0","commandName":"getObjectComponentProperty","error":null,"data":"[[],[[]],[[]],[[]],[[]],[[],[]],[[[],[],[]]],[],[],[[]],[[]],[[]]]","isNotification":false}
response received: {"messageId":null,"driverId":null,"commandName":"logNotification","error":null,"data":"{\"message\":\"2024-06-26 16:08:40.1292|Tester|DEBUG|response sent: {\\\"messageId\\\":\\\"1719407319930\\\",\\\"driverId\\\":\\\"dd34f340764d4a22845c93b1edeef2b0\\\",\\\"commandName\\\":\\\"getObjectComponentProperty\\\",\\\"error\\\":null,\\\"data\\\":\\\"[[],[[]],[[]],[[]],[[]],[[],[]],[[[],[],[]]],[],[],[[]],[[]],[[]]]\\\",\\\"isNotification\\\":false}\",\"stackTrace\":\"\",\"level\":1}","isNotification":true}
Waiting for element where name contains transform....
command sent: {"component":"UnityEngine.UI.CanvasScaler","property":"transform","assembly":"UnityEngine.UI","maxDepth":2,"altObject":{"name":"Canvas","id":49526,"x":960,"y":540,"z":0,"mobileY":540,"type":"","enabled":true,"worldX":960.0,"worldY":540.0,"worldZ":0.0,"idCamera":49644,"transformParentId":0,"transformId":49820},"messageId":"1719407320549","commandName":"getObjectComponentProperty"}
response received: {"messageId":"1719407320549","driverId":"dd34f340764d4a22845c93b1edeef2b0","commandName":"getObjectComponentProperty","error":null,"data":"[[],[[]],[[]],[[]],[[]],[[],[]],[[[],[],[]]],[],[],[[]],[[]],[[]]]","isNotification":false}
response received: {"messageId":null,"driverId":null,"commandName":"logNotification","error":null,"data":"{\"message\":\"2024-06-26 16:08:40.7217|Tester|DEBUG|response sent: {\\\"messageId\\\":\\\"1719407320549\\\",\\\"driverId\\\":\\\"dd34f340764d4a22845c93b1edeef2b0\\\",\\\"commandName\\\":\\\"getObjectComponentProperty\\\",\\\"error\\\":null,\\\"data\\\":\\\"[[],[[]],[[]],[[]],[[]],[[],[]],[[[],[],[]]],[],[],[[]],[[]],[[]]]\\\",\\\"isNotification\\\":false}\",\"stackTrace\":\"\",\"level\":1}","isNotification":true}
Waiting for element where name contains transform....
command sent: {"component":"UnityEngine.UI.CanvasScaler","property":"transform","assembly":"UnityEngine.UI","maxDepth":2,"altObject":{"name":"Canvas","id":49526,"x":960,"y":540,"z":0,"mobileY":540,"type":"","enabled":true,"worldX":960.0,"worldY":540.0,"worldZ":0.0,"idCamera":49644,"transformParentId":0,"transformId":49820},"messageId":"1719407321173","commandName":"getObjectComponentProperty"}
response received: {"messageId":"1719407321173","driverId":"dd34f340764d4a22845c93b1edeef2b0","commandName":"getObjectComponentProperty","error":null,"data":"[[],[[]],[[]],[[]],[[]],[[],[]],[[[],[],[]]],[],[],[[]],[[]],[[]]]","isNotification":false}
response received: {"messageId":null,"driverId":null,"commandName":"logNotification","error":null,"data":"{\"message\":\"2024-06-26 16:08:41.3631|Tester|DEBUG|response sent: {\\\"messageId\\\":\\\"1719407321173\\\",\\\"driverId\\\":\\\"dd34f340764d4a22845c93b1edeef2b0\\\",\\\"commandName\\\":\\\"getObjectComponentProperty\\\",\\\"error\\\":null,\\\"data\\\":\\\"[[],[[]],[[]],[[]],[[]],[[],[]],[[[],[],[]]],[],[],[[]],[[]],[[]]]\\\",\\\"isNotification\\\":false}\",\"stackTrace\":\"\",\"level\":1}","isNotification":true}
Waiting for element where name contains transform....
command sent: {"component":"UnityEngine.UI.CanvasScaler","property":"transform","assembly":"UnityEngine.UI","maxDepth":2,"altObject":{"name":"Canvas","id":49526,"x":960,"y":540,"z":0,"mobileY":540,"type":"","enabled":true,"worldX":960.0,"worldY":540.0,"worldZ":0.0,"idCamera":49644,"transformParentId":0,"transformId":49820},"messageId":"1719407321793","commandName":"getObjectComponentProperty"}
response received: {"messageId":"1719407321793","driverId":"dd34f340764d4a22845c93b1edeef2b0","commandName":"getObjectComponentProperty","error":null,"data":"[[],[[]],[[]],[[]],[[]],[[],[]],[[[],[],[]]],[],[],[[]],[[]],[[]]]","isNotification":false}
response received: {"messageId":null,"driverId":null,"commandName":"logNotification","error":null,"data":"{\"message\":\"2024-06-26 16:08:42.0776|Tester|DEBUG|response sent: {\\\"messageId\\\":\\\"1719407321793\\\",\\\"driverId\\\":\\\"dd34f340764d4a22845c93b1edeef2b0\\\",\\\"commandName\\\":\\\"getObjectComponentProperty\\\",\\\"error\\\":null,\\\"data\\\":\\\"[[],[[]],[[]],[[]],[[]],[[],[]],[[[],[],[]]],[],[],[[]],[[]],[[]]]\\\",\\\"isNotification\\\":false}\",\"stackTrace\":\"\",\"level\":1}","isNotification":true}
Waiting for element where name contains transform....
command sent: {"component":"UnityEngine.UI.CanvasScaler","property":"transform","assembly":"UnityEngine.UI","maxDepth":2,"altObject":{"name":"Canvas","id":49526,"x":960,"y":540,"z":0,"mobileY":540,"type":"","enabled":true,"worldX":960.0,"worldY":540.0,"worldZ":0.0,"idCamera":49644,"transformParentId":0,"transformId":49820},"messageId":"1719407322517","commandName":"getObjectComponentProperty"}
response received: {"messageId":"1719407322517","driverId":"dd34f340764d4a22845c93b1edeef2b0","commandName":"getObjectComponentProperty","error":null,"data":"[[],[[]],[[]],[[]],[[]],[[],[]],[[[],[],[]]],[],[],[[]],[[]],[[]]]","isNotification":false}
response received: {"messageId":null,"driverId":null,"commandName":"logNotification","error":null,"data":"{\"message\":\"2024-06-26 16:08:42.7845|Tester|DEBUG|response sent: {\\\"messageId\\\":\\\"1719407322517\\\",\\\"driverId\\\":\\\"dd34f340764d4a22845c93b1edeef2b0\\\",\\\"commandName\\\":\\\"getObjectComponentProperty\\\",\\\"error\\\":null,\\\"data\\\":\\\"[[],[[]],[[]],[[]],[[]],[[],[]],[[[],[],[]]],[],[],[[]],[[]],[[]]]\\\",\\\"isNotification\\\":false}\",\"stackTrace\":\"\",\"level\":1}","isNotification":true}
Waiting for element where name contains transform....
command sent: {"component":"UnityEngine.UI.CanvasScaler","property":"transform","assembly":"UnityEngine.UI","maxDepth":2,"altObject":{"name":"Canvas","id":49526,"x":960,"y":540,"z":0,"mobileY":540,"type":"","enabled":true,"worldX":960.0,"worldY":540.0,"worldZ":0.0,"idCamera":49644,"transformParentId":0,"transformId":49820},"messageId":"1719407323244","commandName":"getObjectComponentProperty"}
response received: {"messageId":"1719407323244","driverId":"dd34f340764d4a22845c93b1edeef2b0","commandName":"getObjectComponentProperty","error":null,"data":"[[],[[]],[[]],[[]],[[]],[[],[]],[[[],[],[]]],[],[],[[]],[[]],[[]]]","isNotification":false}
response received: {"messageId":null,"driverId":null,"commandName":"logNotification","error":null,"data":"{\"message\":\"2024-06-26 16:08:43.4989|Tester|DEBUG|response sent: {\\\"messageId\\\":\\\"1719407323244\\\",\\\"driverId\\\":\\\"dd34f340764d4a22845c93b1edeef2b0\\\",\\\"commandName\\\":\\\"getObjectComponentProperty\\\",\\\"error\\\":null,\\\"data\\\":\\\"[[],[[]],[[]],[[]],[[]],[[],[]],[[[],[],[]]],[],[],[[]],[[]],[[]]]\\\",\\\"isNotification\\\":false}\",\"stackTrace\":\"\",\"level\":1}","isNotification":true}
Waiting for element where name contains transform....
command sent: {"component":"UnityEngine.UI.CanvasScaler","property":"transform","assembly":"UnityEngine.UI","maxDepth":2,"altObject":{"name":"Canvas","id":49526,"x":960,"y":540,"z":0,"mobileY":540,"type":"","enabled":true,"worldX":960.0,"worldY":540.0,"worldZ":0.0,"idCamera":49644,"transformParentId":0,"transformId":49820},"messageId":"1719407323969","commandName":"getObjectComponentProperty"}
response received: {"messageId":"1719407323969","driverId":"dd34f340764d4a22845c93b1edeef2b0","commandName":"getObjectComponentProperty","error":null,"data":"[[],[[]],[[]],[[]],[[]],[[],[]],[[[],[],[]]],[],[],[[]],[[]],[[]]]","isNotification":false}
response received: {"messageId":null,"driverId":null,"commandName":"logNotification","error":null,"data":"{\"message\":\"2024-06-26 16:08:44.1426|Tester|DEBUG|response sent: {\\\"messageId\\\":\\\"1719407323969\\\",\\\"driverId\\\":\\\"dd34f340764d4a22845c93b1edeef2b0\\\",\\\"commandName\\\":\\\"getObjectComponentProperty\\\",\\\"error\\\":null,\\\"data\\\":\\\"[[],[[]],[[]],[[]],[[]],[[],[]],[[[],[],[]]],[],[],[[]],[[]],[[]]]\\\",\\\"isNotification\\\":false}\",\"stackTrace\":\"\",\"level\":1}","isNotification":true}
Waiting for element where name contains transform....
command sent: {"component":"UnityEngine.UI.CanvasScaler","property":"transform","assembly":"UnityEngine.UI","maxDepth":2,"altObject":{"name":"Canvas","id":49526,"x":960,"y":540,"z":0,"mobileY":540,"type":"","enabled":true,"worldX":960.0,"worldY":540.0,"worldZ":0.0,"idCamera":49644,"transformParentId":0,"transformId":49820},"messageId":"1719407324588","commandName":"getObjectComponentProperty"}
response received: {"messageId":"1719407324588","driverId":"dd34f340764d4a22845c93b1edeef2b0","commandName":"getObjectComponentProperty","error":null,"data":"[[],[[]],[[]],[[]],[[]],[[],[]],[[[],[],[]]],[],[],[[]],[[]],[[]]]","isNotification":false}
response received: {"messageId":null,"driverId":null,"commandName":"logNotification","error":null,"data":"{\"message\":\"2024-06-26 16:08:44.8577|Tester|DEBUG|response sent: {\\\"messageId\\\":\\\"1719407324588\\\",\\\"driverId\\\":\\\"dd34f340764d4a22845c93b1edeef2b0\\\",\\\"commandName\\\":\\\"getObjectComponentProperty\\\",\\\"error\\\":null,\\\"data\\\":\\\"[[],[[]],[[]],[[]],[[]],[[],[]],[[[],[],[]]],[],[],[[]],[[]],[[]]]\\\",\\\"isNotification\\\":false}\",\"stackTrace\":\"\",\"level\":1}","isNotification":true}
Waiting for element where name contains transform....
command sent: {"component":"UnityEngine.UI.CanvasScaler","property":"transform","assembly":"UnityEngine.UI","maxDepth":2,"altObject":{"name":"Canvas","id":49526,"x":960,"y":540,"z":0,"mobileY":540,"type":"","enabled":true,"worldX":960.0,"worldY":540.0,"worldZ":0.0,"idCamera":49644,"transformParentId":0,"transformId":49820},"messageId":"1719407325311","commandName":"getObjectComponentProperty"}
response received: {"messageId":"1719407325311","driverId":"dd34f340764d4a22845c93b1edeef2b0","commandName":"getObjectComponentProperty","error":null,"data":"[[],[[]],[[]],[[]],[[]],[[],[]],[[[],[],[]]],[],[],[[]],[[]],[[]]]","isNotification":false}
response received: {"messageId":null,"driverId":null,"commandName":"logNotification","error":null,"data":"{\"message\":\"2024-06-26 16:08:45.5649|Tester|DEBUG|response sent: {\\\"messageId\\\":\\\"1719407325311\\\",\\\"driverId\\\":\\\"dd34f340764d4a22845c93b1edeef2b0\\\",\\\"commandName\\\":\\\"getObjectComponentProperty\\\",\\\"error\\\":null,\\\"data\\\":\\\"[[],[[]],[[]],[[]],[[]],[[],[]],[[[],[],[]]],[],[],[[]],[[]],[[]]]\\\",\\\"isNotification\\\":false}\",\"stackTrace\":\"\",\"level\":1}","isNotification":true}
Waiting for element where name contains transform....
command sent: {"component":"UnityEngine.UI.CanvasScaler","property":"transform","assembly":"UnityEngine.UI","maxDepth":2,"altObject":{"name":"Canvas","id":49526,"x":960,"y":540,"z":0,"mobileY":540,"type":"","enabled":true,"worldX":960.0,"worldY":540.0,"worldZ":0.0,"idCamera":49644,"transformParentId":0,"transformId":49820},"messageId":"1719407326041","commandName":"getObjectComponentProperty"}
response received: {"messageId":"1719407326041","driverId":"dd34f340764d4a22845c93b1edeef2b0","commandName":"getObjectComponentProperty","error":null,"data":"[[],[[]],[[]],[[]],[[]],[[],[]],[[[],[],[]]],[],[],[[]],[[]],[[]]]","isNotification":false}
response received: {"messageId":null,"driverId":null,"commandName":"logNotification","error":null,"data":"{\"message\":\"2024-06-26 16:08:46.2407|Tester|DEBUG|response sent: {\\\"messageId\\\":\\\"1719407326041\\\",\\\"driverId\\\":\\\"dd34f340764d4a22845c93b1edeef2b0\\\",\\\"commandName\\\":\\\"getObjectComponentProperty\\\",\\\"error\\\":null,\\\"data\\\":\\\"[[],[[]],[[]],[[]],[[]],[[],[]],[[[],[],[]]],[],[],[[]],[[]],[[]]]\\\",\\\"isNotification\\\":false}\",\"stackTrace\":\"\",\"level\":1}","isNotification":true}
Waiting for element where name contains transform....
command sent: {"component":"UnityEngine.UI.CanvasScaler","property":"transform","assembly":"UnityEngine.UI","maxDepth":2,"altObject":{"name":"Canvas","id":49526,"x":960,"y":540,"z":0,"mobileY":540,"type":"","enabled":true,"worldX":960.0,"worldY":540.0,"worldZ":0.0,"idCamera":49644,"transformParentId":0,"transformId":49820},"messageId":"1719407326660","commandName":"getObjectComponentProperty"}
response received: {"messageId":"1719407326660","driverId":"dd34f340764d4a22845c93b1edeef2b0","commandName":"getObjectComponentProperty","error":null,"data":"[[],[[]],[[]],[[]],[[]],[[],[]],[[[],[],[]]],[],[],[[]],[[]],[[]]]","isNotification":false}
response received: {"messageId":null,"driverId":null,"commandName":"logNotification","error":null,"data":"{\"message\":\"2024-06-26 16:08:46.8830|Tester|DEBUG|response sent: {\\\"messageId\\\":\\\"1719407326660\\\",\\\"driverId\\\":\\\"dd34f340764d4a22845c93b1edeef2b0\\\",\\\"commandName\\\":\\\"getObjectComponentProperty\\\",\\\"error\\\":null,\\\"data\\\":\\\"[[],[[]],[[]],[[]],[[]],[[],[]],[[[],[],[]]],[],[],[[]],[[]],[[]]]\\\",\\\"isNotification\\\":false}\",\"stackTrace\":\"\",\"level\":1}","isNotification":true}
Waiting for element where name contains transform....
command sent: {"component":"UnityEngine.UI.CanvasScaler","property":"transform","assembly":"UnityEngine.UI","maxDepth":2,"altObject":{"name":"Canvas","id":49526,"x":960,"y":540,"z":0,"mobileY":540,"type":"","enabled":true,"worldX":960.0,"worldY":540.0,"worldZ":0.0,"idCamera":49644,"transformParentId":0,"transformId":49820},"messageId":"1719407327389","commandName":"getObjectComponentProperty"}
response received: {"messageId":"1719407327389","driverId":"dd34f340764d4a22845c93b1edeef2b0","commandName":"getObjectComponentProperty","error":null,"data":"[[],[[]],[[]],[[]],[[]],[[],[]],[[[],[],[]]],[],[],[[]],[[]],[[]]]","isNotification":false}
response received: {"messageId":null,"driverId":null,"commandName":"logNotification","error":null,"data":"{\"message\":\"2024-06-26 16:08:47.5880|Tester|DEBUG|response sent: {\\\"messageId\\\":\\\"1719407327389\\\",\\\"driverId\\\":\\\"dd34f340764d4a22845c93b1edeef2b0\\\",\\\"commandName\\\":\\\"getObjectComponentProperty\\\",\\\"error\\\":null,\\\"data\\\":\\\"[[],[[]],[[]],[[]],[[]],[[],[]],[[[],[],[]]],[],[],[[]],[[]],[[]]]\\\",\\\"isNotification\\\":false}\",\"stackTrace\":\"\",\"level\":1}","isNotification":true}
Waiting for element where name contains transform....
command sent: {"component":"UnityEngine.UI.CanvasScaler","property":"transform","assembly":"UnityEngine.UI","maxDepth":2,"altObject":{"name":"Canvas","id":49526,"x":960,"y":540,"z":0,"mobileY":540,"type":"","enabled":true,"worldX":960.0,"worldY":540.0,"worldZ":0.0,"idCamera":49644,"transformParentId":0,"transformId":49820},"messageId":"1719407328008","commandName":"getObjectComponentProperty"}
response received: {"messageId":"1719407328008","driverId":"dd34f340764d4a22845c93b1edeef2b0","commandName":"getObjectComponentProperty","error":null,"data":"[[],[[]],[[]],[[]],[[]],[[],[]],[[[],[],[]]],[],[],[[]],[[]],[[]]]","isNotification":false}
response received: {"messageId":null,"driverId":null,"commandName":"logNotification","error":null,"data":"{\"message\":\"2024-06-26 16:08:48.1611|Tester|DEBUG|response sent: {\\\"messageId\\\":\\\"1719407328008\\\",\\\"driverId\\\":\\\"dd34f340764d4a22845c93b1edeef2b0\\\",\\\"commandName\\\":\\\"getObjectComponentProperty\\\",\\\"error\\\":null,\\\"data\\\":\\\"[[],[[]],[[]],[[]],[[]],[[],[]],[[[],[],[]]],[],[],[[]],[[]],[[]]]\\\",\\\"isNotification\\\":false}\",\"stackTrace\":\"\",\"level\":1}","isNotification":true}
Waiting for element where name contains transform....
command sent: {"component":"UnityEngine.UI.CanvasScaler","property":"transform","assembly":"UnityEngine.UI","maxDepth":2,"altObject":{"name":"Canvas","id":49526,"x":960,"y":540,"z":0,"mobileY":540,"type":"","enabled":true,"worldX":960.0,"worldY":540.0,"worldZ":0.0,"idCamera":49644,"transformParentId":0,"transformId":49820},"messageId":"1719407328627","commandName":"getObjectComponentProperty"}
response received: {"messageId":"1719407328627","driverId":"dd34f340764d4a22845c93b1edeef2b0","commandName":"getObjectComponentProperty","error":null,"data":"[[],[[]],[[]],[[]],[[]],[[],[]],[[[],[],[]]],[],[],[[]],[[]],[[]]]","isNotification":false}
response received: {"messageId":null,"driverId":null,"commandName":"logNotification","error":null,"data":"{\"message\":\"2024-06-26 16:08:48.8396|Tester|DEBUG|response sent: {\\\"messageId\\\":\\\"1719407328627\\\",\\\"driverId\\\":\\\"dd34f340764d4a22845c93b1edeef2b0\\\",\\\"commandName\\\":\\\"getObjectComponentProperty\\\",\\\"error\\\":null,\\\"data\\\":\\\"[[],[[]],[[]],[[]],[[]],[[],[]],[[[],[],[]]],[],[],[[]],[[]],[[]]]\\\",\\\"isNotification\\\":false}\",\"stackTrace\":\"\",\"level\":1}","isNotification":true}
Waiting for element where name contains transform....
command sent: {"component":"UnityEngine.UI.CanvasScaler","property":"transform","assembly":"UnityEngine.UI","maxDepth":2,"altObject":{"name":"Canvas","id":49526,"x":960,"y":540,"z":0,"mobileY":540,"type":"","enabled":true,"worldX":960.0,"worldY":540.0,"worldZ":0.0,"idCamera":49644,"transformParentId":0,"transformId":49820},"messageId":"1719407329352","commandName":"getObjectComponentProperty"}
response received: {"messageId":"1719407329352","driverId":"dd34f340764d4a22845c93b1edeef2b0","commandName":"getObjectComponentProperty","error":null,"data":"[[],[[]],[[]],[[]],[[]],[[],[]],[[[],[],[]]],[],[],[[]],[[]],[[]]]","isNotification":false}
response received: {"messageId":null,"driverId":null,"commandName":"logNotification","error":null,"data":"{\"message\":\"2024-06-26 16:08:49.5464|Tester|DEBUG|response sent: {\\\"messageId\\\":\\\"1719407329352\\\",\\\"driverId\\\":\\\"dd34f340764d4a22845c93b1edeef2b0\\\",\\\"commandName\\\":\\\"getObjectComponentProperty\\\",\\\"error\\\":null,\\\"data\\\":\\\"[[],[[]],[[]],[[]],[[]],[[],[]],[[[],[],[]]],[],[],[[]],[[]],[[]]]\\\",\\\"isNotification\\\":false}\",\"stackTrace\":\"\",\"level\":1}","isNotification":true}
Waiting for element where name contains transform....
command sent: {"component":"UnityEngine.UI.CanvasScaler","property":"transform","assembly":"UnityEngine.UI","maxDepth":2,"altObject":{"name":"Canvas","id":49526,"x":960,"y":540,"z":0,"mobileY":540,"type":"","enabled":true,"worldX":960.0,"worldY":540.0,"worldZ":0.0,"idCamera":49644,"transformParentId":0,"transformId":49820},"messageId":"1719407329972","commandName":"getObjectComponentProperty"}
response received: {"messageId":"1719407329972","driverId":"dd34f340764d4a22845c93b1edeef2b0","commandName":"getObjectComponentProperty","error":null,"data":"[[],[[]],[[]],[[]],[[]],[[],[]],[[[],[],[]]],[],[],[[]],[[]],[[]]]","isNotification":false}
response received: {"messageId":null,"driverId":null,"commandName":"logNotification","error":null,"data":"{\"message\":\"2024-06-26 16:08:50.1589|Tester|DEBUG|response sent: {\\\"messageId\\\":\\\"1719407329972\\\",\\\"driverId\\\":\\\"dd34f340764d4a22845c93b1edeef2b0\\\",\\\"commandName\\\":\\\"getObjectComponentProperty\\\",\\\"error\\\":null,\\\"data\\\":\\\"[[],[[]],[[]],[[]],[[]],[[],[]],[[[],[],[]]],[],[],[[]],[[]],[[]]]\\\",\\\"isNotification\\\":false}\",\"stackTrace\":\"\",\"level\":1}","isNotification":true}
Waiting for element where name contains transform....
command sent: {"component":"UnityEngine.UI.CanvasScaler","property":"transform","assembly":"UnityEngine.UI","maxDepth":2,"altObject":{"name":"Canvas","id":49526,"x":960,"y":540,"z":0,"mobileY":540,"type":"","enabled":true,"worldX":960.0,"worldY":540.0,"worldZ":0.0,"idCamera":49644,"transformParentId":0,"transformId":49820},"messageId":"1719407330593","commandName":"getObjectComponentProperty"}
response received: {"messageId":"1719407330593","driverId":"dd34f340764d4a22845c93b1edeef2b0","commandName":"getObjectComponentProperty","error":null,"data":"[[],[[]],[[]],[[]],[[]],[[],[]],[[[],[],[]]],[],[],[[]],[[]],[[]]]","isNotification":false}
response received: {"messageId":null,"driverId":null,"commandName":"logNotification","error":null,"data":"{\"message\":\"2024-06-26 16:08:50.7659|Tester|DEBUG|response sent: {\\\"messageId\\\":\\\"1719407330593\\\",\\\"driverId\\\":\\\"dd34f340764d4a22845c93b1edeef2b0\\\",\\\"commandName\\\":\\\"getObjectComponentProperty\\\",\\\"error\\\":null,\\\"data\\\":\\\"[[],[[]],[[]],[[]],[[]],[[],[]],[[[],[],[]]],[],[],[[]],[[]],[[]]]\\\",\\\"isNotification\\\":false}\",\"stackTrace\":\"\",\"level\":1}","isNotification":true}
Waiting for element where name contains transform....
command sent: {"component":"UnityEngine.UI.CanvasScaler","property":"transform","assembly":"UnityEngine.UI","maxDepth":2,"altObject":{"name":"Canvas","id":49526,"x":960,"y":540,"z":0,"mobileY":540,"type":"","enabled":true,"worldX":960.0,"worldY":540.0,"worldZ":0.0,"idCamera":49644,"transformParentId":0,"transformId":49820},"messageId":"1719407331210","commandName":"getObjectComponentProperty"}
response received: {"messageId":"1719407331210","driverId":"dd34f340764d4a22845c93b1edeef2b0","commandName":"getObjectComponentProperty","error":null,"data":"[[],[[]],[[]],[[]],[[]],[[],[]],[[[],[],[]]],[],[],[[]],[[]],[[]]]","isNotification":false}
response received: {"messageId":null,"driverId":null,"commandName":"logNotification","error":null,"data":"{\"message\":\"2024-06-26 16:08:51.4111|Tester|DEBUG|response sent: {\\\"messageId\\\":\\\"1719407331210\\\",\\\"driverId\\\":\\\"dd34f340764d4a22845c93b1edeef2b0\\\",\\\"commandName\\\":\\\"getObjectComponentProperty\\\",\\\"error\\\":null,\\\"data\\\":\\\"[[],[[]],[[]],[[]],[[]],[[],[]],[[[],[],[]]],[],[],[[]],[[]],[[]]]\\\",\\\"isNotification\\\":false}\",\"stackTrace\":\"\",\"level\":1}","isNotification":true}
Waiting for element where name contains transform....
command sent: {"component":"UnityEngine.UI.CanvasScaler","property":"transform","assembly":"UnityEngine.UI","maxDepth":2,"altObject":{"name":"Canvas","id":49526,"x":960,"y":540,"z":0,"mobileY":540,"type":"","enabled":true,"worldX":960.0,"worldY":540.0,"worldZ":0.0,"idCamera":49644,"transformParentId":0,"transformId":49820},"messageId":"1719407331827","commandName":"getObjectComponentProperty"}
response received: {"messageId":"1719407331827","driverId":"dd34f340764d4a22845c93b1edeef2b0","commandName":"getObjectComponentProperty","error":null,"data":"[[],[[]],[[]],[[]],[[]],[[],[]],[[[],[],[]]],[],[],[[]],[[]],[[]]]","isNotification":false}
response received: {"messageId":null,"driverId":null,"commandName":"logNotification","error":null,"data":"{\"message\":\"2024-06-26 16:08:52.0219|Tester|DEBUG|response sent: {\\\"messageId\\\":\\\"1719407331827\\\",\\\"driverId\\\":\\\"dd34f340764d4a22845c93b1edeef2b0\\\",\\\"commandName\\\":\\\"getObjectComponentProperty\\\",\\\"error\\\":null,\\\"data\\\":\\\"[[],[[]],[[]],[[]],[[]],[[],[]],[[[],[],[]]],[],[],[[]],[[]],[[]]]\\\",\\\"isNotification\\\":false}\",\"stackTrace\":\"\",\"level\":1}","isNotification":true}
Waiting for element where name contains transform....
command sent: {"component":"UnityEngine.UI.CanvasScaler","property":"transform","assembly":"UnityEngine.UI","maxDepth":2,"altObject":{"name":"Canvas","id":49526,"x":960,"y":540,"z":0,"mobileY":540,"type":"","enabled":true,"worldX":960.0,"worldY":540.0,"worldZ":0.0,"idCamera":49644,"transformParentId":0,"transformId":49820},"messageId":"1719407332449","commandName":"getObjectComponentProperty"}
response received: {"messageId":"1719407332449","driverId":"dd34f340764d4a22845c93b1edeef2b0","commandName":"getObjectComponentProperty","error":null,"data":"[[],[[]],[[]],[[]],[[]],[[],[]],[[[],[],[]]],[],[],[[]],[[]],[[]]]","isNotification":false}
response received: {"messageId":null,"driverId":null,"commandName":"logNotification","error":null,"data":"{\"message\":\"2024-06-26 16:08:52.7328|Tester|DEBUG|response sent: {\\\"messageId\\\":\\\"1719407332449\\\",\\\"driverId\\\":\\\"dd34f340764d4a22845c93b1edeef2b0\\\",\\\"commandName\\\":\\\"getObjectComponentProperty\\\",\\\"error\\\":null,\\\"data\\\":\\\"[[],[[]],[[]],[[]],[[]],[[],[]],[[[],[],[]]],[],[],[[]],[[]],[[]]]\\\",\\\"isNotification\\\":false}\",\"stackTrace\":\"\",\"level\":1}","isNotification":true}
Waiting for element where name contains transform....
command sent: {"component":"UnityEngine.UI.CanvasScaler","property":"transform","assembly":"UnityEngine.UI","maxDepth":2,"altObject":{"name":"Canvas","id":49526,"x":960,"y":540,"z":0,"mobileY":540,"type":"","enabled":true,"worldX":960.0,"worldY":540.0,"worldZ":0.0,"idCamera":49644,"transformParentId":0,"transformId":49820},"messageId":"1719407333180","commandName":"getObjectComponentProperty"}
response received: {"messageId":"1719407333180","driverId":"dd34f340764d4a22845c93b1edeef2b0","commandName":"getObjectComponentProperty","error":null,"data":"[[],[[]],[[]],[[]],[[]],[[],[]],[[[],[],[]]],[],[],[[]],[[]],[[]]]","isNotification":false}
response received: {"messageId":null,"driverId":null,"commandName":"logNotification","error":null,"data":"{\"message\":\"2024-06-26 16:08:53.3443|Tester|DEBUG|response sent: {\\\"messageId\\\":\\\"1719407333180\\\",\\\"driverId\\\":\\\"dd34f340764d4a22845c93b1edeef2b0\\\",\\\"commandName\\\":\\\"getObjectComponentProperty\\\",\\\"error\\\":null,\\\"data\\\":\\\"[[],[[]],[[]],[[]],[[]],[[],[]],[[[],[],[]]],[],[],[[]],[[]],[[]]]\\\",\\\"isNotification\\\":false}\",\"stackTrace\":\"\",\"level\":1}","isNotification":true}
Waiting for element where name contains transform....
command sent: {"component":"UnityEngine.UI.CanvasScaler","property":"transform","assembly":"UnityEngine.UI","maxDepth":2,"altObject":{"name":"Canvas","id":49526,"x":960,"y":540,"z":0,"mobileY":540,"type":"","enabled":true,"worldX":960.0,"worldY":540.0,"worldZ":0.0,"idCamera":49644,"transformParentId":0,"transformId":49820},"messageId":"1719407333796","commandName":"getObjectComponentProperty"}
response received: {"messageId":"1719407333796","driverId":"dd34f340764d4a22845c93b1edeef2b0","commandName":"getObjectComponentProperty","error":null,"data":"[[],[[]],[[]],[[]],[[]],[[],[]],[[[],[],[]]],[],[],[[]],[[]],[[]]]","isNotification":false}
response received: {"messageId":null,"driverId":null,"commandName":"logNotification","error":null,"data":"{\"message\":\"2024-06-26 16:08:54.0578|Tester|DEBUG|response sent: {\\\"messageId\\\":\\\"1719407333796\\\",\\\"driverId\\\":\\\"dd34f340764d4a22845c93b1edeef2b0\\\",\\\"commandName\\\":\\\"getObjectComponentProperty\\\",\\\"error\\\":null,\\\"data\\\":\\\"[[],[[]],[[]],[[]],[[]],[[],[]],[[[],[],[]]],[],[],[[]],[[]],[[]]]\\\",\\\"isNotification\\\":false}\",\"stackTrace\":\"\",\"level\":1}","isNotification":true}
Waiting for element where name contains transform....
command sent: {"component":"UnityEngine.UI.CanvasScaler","property":"transform","assembly":"UnityEngine.UI","maxDepth":2,"altObject":{"name":"Canvas","id":49526,"x":960,"y":540,"z":0,"mobileY":540,"type":"","enabled":true,"worldX":960.0,"worldY":540.0,"worldZ":0.0,"idCamera":49644,"transformParentId":0,"transformId":49820},"messageId":"1719407334521","commandName":"getObjectComponentProperty"}
response received: {"messageId":"1719407334521","driverId":"dd34f340764d4a22845c93b1edeef2b0","commandName":"getObjectComponentProperty","error":null,"data":"[[],[[]],[[]],[[]],[[]],[[],[]],[[[],[],[]]],[],[],[[]],[[]],[[]]]","isNotification":false}
response received: {"messageId":null,"driverId":null,"commandName":"logNotification","error":null,"data":"{\"message\":\"2024-06-26 16:08:54.7632|Tester|DEBUG|response sent: {\\\"messageId\\\":\\\"1719407334521\\\",\\\"driverId\\\":\\\"dd34f340764d4a22845c93b1edeef2b0\\\",\\\"commandName\\\":\\\"getObjectComponentProperty\\\",\\\"error\\\":null,\\\"data\\\":\\\"[[],[[]],[[]],[[]],[[]],[[],[]],[[[],[],[]]],[],[],[[]],[[]],[[]]]\\\",\\\"isNotification\\\":false}\",\"stackTrace\":\"\",\"level\":1}","isNotification":true}
Waiting for element where name contains transform....
command sent: {"component":"UnityEngine.UI.CanvasScaler","property":"transform","assembly":"UnityEngine.UI","maxDepth":2,"altObject":{"name":"Canvas","id":49526,"x":960,"y":540,"z":0,"mobileY":540,"type":"","enabled":true,"worldX":960.0,"worldY":540.0,"worldZ":0.0,"idCamera":49644,"transformParentId":0,"transformId":49820},"messageId":"1719407335250","commandName":"getObjectComponentProperty"}
response received: {"messageId":"1719407335250","driverId":"dd34f340764d4a22845c93b1edeef2b0","commandName":"getObjectComponentProperty","error":null,"data":"[[],[[]],[[]],[[]],[[]],[[],[]],[[[],[],[]]],[],[],[[]],[[]],[[]]]","isNotification":false}
response received: {"messageId":null,"driverId":null,"commandName":"logNotification","error":null,"data":"{\"message\":\"2024-06-26 16:08:55.4674|Tester|DEBUG|response sent: {\\\"messageId\\\":\\\"1719407335250\\\",\\\"driverId\\\":\\\"dd34f340764d4a22845c93b1edeef2b0\\\",\\\"commandName\\\":\\\"getObjectComponentProperty\\\",\\\"error\\\":null,\\\"data\\\":\\\"[[],[[]],[[]],[[]],[[]],[[],[]],[[[],[],[]]],[],[],[[]],[[]],[[]]]\\\",\\\"isNotification\\\":false}\",\"stackTrace\":\"\",\"level\":1}","isNotification":true}
Waiting for element where name contains transform....
command sent: {"component":"UnityEngine.UI.CanvasScaler","property":"transform","assembly":"UnityEngine.UI","maxDepth":2,"altObject":{"name":"Canvas","id":49526,"x":960,"y":540,"z":0,"mobileY":540,"type":"","enabled":true,"worldX":960.0,"worldY":540.0,"worldZ":0.0,"idCamera":49644,"transformParentId":0,"transformId":49820},"messageId":"1719407335981","commandName":"getObjectComponentProperty"}
response received: {"messageId":"1719407335981","driverId":"dd34f340764d4a22845c93b1edeef2b0","commandName":"getObjectComponentProperty","error":null,"data":"[[],[[]],[[]],[[]],[[]],[[],[]],[[[],[],[]]],[],[],[[]],[[]],[[]]]","isNotification":false}
response received: {"messageId":null,"driverId":null,"commandName":"logNotification","error":null,"data":"{\"message\":\"2024-06-26 16:08:56.2168|Tester|DEBUG|response sent: {\\\"messageId\\\":\\\"1719407335981\\\",\\\"driverId\\\":\\\"dd34f340764d4a22845c93b1edeef2b0\\\",\\\"commandName\\\":\\\"getObjectComponentProperty\\\",\\\"error\\\":null,\\\"data\\\":\\\"[[],[[]],[[]],[[]],[[]],[[],[]],[[[],[],[]]],[],[],[[]],[[]],[[]]]\\\",\\\"isNotification\\\":false}\",\"stackTrace\":\"\",\"level\":1}","isNotification":true}
Waiting for element where name contains transform....
command sent: {"component":"UnityEngine.UI.CanvasScaler","property":"transform","assembly":"UnityEngine.UI","maxDepth":2,"altObject":{"name":"Canvas","id":49526,"x":960,"y":540,"z":0,"mobileY":540,"type":"","enabled":true,"worldX":960.0,"worldY":540.0,"worldZ":0.0,"idCamera":49644,"transformParentId":0,"transformId":49820},"messageId":"1719407336712","commandName":"getObjectComponentProperty"}
response received: {"messageId":"1719407336712","driverId":"dd34f340764d4a22845c93b1edeef2b0","commandName":"getObjectComponentProperty","error":null,"data":"[[],[[]],[[]],[[]],[[]],[[],[]],[[[],[],[]]],[],[],[[]],[[]],[[]]]","isNotification":false}
response received: {"messageId":null,"driverId":null,"commandName":"logNotification","error":null,"data":"{\"message\":\"2024-06-26 16:08:56.9254|Tester|DEBUG|response sent: {\\\"messageId\\\":\\\"1719407336712\\\",\\\"driverId\\\":\\\"dd34f340764d4a22845c93b1edeef2b0\\\",\\\"commandName\\\":\\\"getObjectComponentProperty\\\",\\\"error\\\":null,\\\"data\\\":\\\"[[],[[]],[[]],[[]],[[]],[[],[]],[[[],[],[]]],[],[],[[]],[[]],[[]]]\\\",\\\"isNotification\\\":false}\",\"stackTrace\":\"\",\"level\":1}","isNotification":true}
Waiting for element where name contains transform....
command sent: {"component":"UnityEngine.UI.CanvasScaler","property":"transform","assembly":"UnityEngine.UI","maxDepth":2,"altObject":{"name":"Canvas","id":49526,"x":960,"y":540,"z":0,"mobileY":540,"type":"","enabled":true,"worldX":960.0,"worldY":540.0,"worldZ":0.0,"idCamera":49644,"transformParentId":0,"transformId":49820},"messageId":"1719407337439","commandName":"getObjectComponentProperty"}
response received: {"messageId":"1719407337439","driverId":"dd34f340764d4a22845c93b1edeef2b0","commandName":"getObjectComponentProperty","error":null,"data":"[[],[[]],[[]],[[]],[[]],[[],[]],[[[],[],[]]],[],[],[[]],[[]],[[]]]","isNotification":false}
response received: {"messageId":null,"driverId":null,"commandName":"logNotification","error":null,"data":"{\"message\":\"2024-06-26 16:08:57.6379|Tester|DEBUG|response sent: {\\\"messageId\\\":\\\"1719407337439\\\",\\\"driverId\\\":\\\"dd34f340764d4a22845c93b1edeef2b0\\\",\\\"commandName\\\":\\\"getObjectComponentProperty\\\",\\\"error\\\":null,\\\"data\\\":\\\"[[],[[]],[[]],[[]],[[]],[[],[]],[[[],[],[]]],[],[],[[]],[[]],[[]]]\\\",\\\"isNotification\\\":false}\",\"stackTrace\":\"\",\"level\":1}","isNotification":true}
Waiting for element where name contains transform....
command sent: {"component":"UnityEngine.UI.CanvasScaler","property":"transform","assembly":"UnityEngine.UI","maxDepth":2,"altObject":{"name":"Canvas","id":49526,"x":960,"y":540,"z":0,"mobileY":540,"type":"","enabled":true,"worldX":960.0,"worldY":540.0,"worldZ":0.0,"idCamera":49644,"transformParentId":0,"transformId":49820},"messageId":"1719407338061","commandName":"getObjectComponentProperty"}
response received: {"messageId":"1719407338061","driverId":"dd34f340764d4a22845c93b1edeef2b0","commandName":"getObjectComponentProperty","error":null,"data":"[[],[[]],[[]],[[]],[[]],[[],[]],[[[],[],[]]],[],[],[[]],[[]],[[]]]","isNotification":false}
response received: {"messageId":null,"driverId":null,"commandName":"logNotification","error":null,"data":"{\"message\":\"2024-06-26 16:08:58.2443|Tester|DEBUG|response sent: {\\\"messageId\\\":\\\"1719407338061\\\",\\\"driverId\\\":\\\"dd34f340764d4a22845c93b1edeef2b0\\\",\\\"commandName\\\":\\\"getObjectComponentProperty\\\",\\\"error\\\":null,\\\"data\\\":\\\"[[],[[]],[[]],[[]],[[]],[[],[]],[[[],[],[]]],[],[],[[]],[[]],[[]]]\\\",\\\"isNotification\\\":false}\",\"stackTrace\":\"\",\"level\":1}","isNotification":true}
Waiting for element where name contains transform....
command sent: {"component":"UnityEngine.UI.CanvasScaler","property":"transform","assembly":"UnityEngine.UI","maxDepth":2,"altObject":{"name":"Canvas","id":49526,"x":960,"y":540,"z":0,"mobileY":540,"type":"","enabled":true,"worldX":960.0,"worldY":540.0,"worldZ":0.0,"idCamera":49644,"transformParentId":0,"transformId":49820},"messageId":"1719407338682","commandName":"getObjectComponentProperty"}
response received: {"messageId":"1719407338682","driverId":"dd34f340764d4a22845c93b1edeef2b0","commandName":"getObjectComponentProperty","error":null,"data":"[[],[[]],[[]],[[]],[[]],[[],[]],[[[],[],[]]],[],[],[[]],[[]],[[]]]","isNotification":false}
response received: {"messageId":null,"driverId":null,"commandName":"logNotification","error":null,"data":"{\"message\":\"2024-06-26 16:08:58.8578|Tester|DEBUG|response sent: {\\\"messageId\\\":\\\"1719407338682\\\",\\\"driverId\\\":\\\"dd34f340764d4a22845c93b1edeef2b0\\\",\\\"commandName\\\":\\\"getObjectComponentProperty\\\",\\\"error\\\":null,\\\"data\\\":\\\"[[],[[]],[[]],[[]],[[]],[[],[]],[[[],[],[]]],[],[],[[]],[[]],[[]]]\\\",\\\"isNotification\\\":false}\",\"stackTrace\":\"\",\"level\":1}","isNotification":true}
Waiting for element where name contains transform....
command sent: {"component":"UnityEngine.UI.CanvasScaler","property":"transform","assembly":"UnityEngine.UI","maxDepth":2,"altObject":{"name":"Canvas","id":49526,"x":960,"y":540,"z":0,"mobileY":540,"type":"","enabled":true,"worldX":960.0,"worldY":540.0,"worldZ":0.0,"idCamera":49644,"transformParentId":0,"transformId":49820},"messageId":"1719407339300","commandName":"getObjectComponentProperty"}
response received: {"messageId":"1719407339300","driverId":"dd34f340764d4a22845c93b1edeef2b0","commandName":"getObjectComponentProperty","error":null,"data":"[[],[[]],[[]],[[]],[[]],[[],[]],[[[],[],[]]],[],[],[[]],[[]],[[]]]","isNotification":false}
response received: {"messageId":null,"driverId":null,"commandName":"logNotification","error":null,"data":"{\"message\":\"2024-06-26 16:08:59.6000|Tester|DEBUG|response sent: {\\\"messageId\\\":\\\"1719407339300\\\",\\\"driverId\\\":\\\"dd34f340764d4a22845c93b1edeef2b0\\\",\\\"commandName\\\":\\\"getObjectComponentProperty\\\",\\\"error\\\":null,\\\"data\\\":\\\"[[],[[]],[[]],[[]],[[]],[[],[]],[[[],[],[]]],[],[],[[]],[[]],[[]]]\\\",\\\"isNotification\\\":false}\",\"stackTrace\":\"\",\"level\":1}","isNotification":true}
Waiting for element where name contains transform....
command sent: {"component":"UnityEngine.UI.CanvasScaler","property":"transform","assembly":"UnityEngine.UI","maxDepth":2,"altObject":{"name":"Canvas","id":49526,"x":960,"y":540,"z":0,"mobileY":540,"type":"","enabled":true,"worldX":960.0,"worldY":540.0,"worldZ":0.0,"idCamera":49644,"transformParentId":0,"transformId":49820},"messageId":"1719407340029","commandName":"getObjectComponentProperty"}
response received: {"messageId":"1719407340029","driverId":"dd34f340764d4a22845c93b1edeef2b0","commandName":"getObjectComponentProperty","error":null,"data":"[[],[[]],[[]],[[]],[[]],[[],[]],[[[],[],[]]],[],[],[[]],[[]],[[]]]","isNotification":false}
response received: {"messageId":null,"driverId":null,"commandName":"logNotification","error":null,"data":"{\"message\":\"2024-06-26 16:09:00.3176|Tester|DEBUG|response sent: {\\\"messageId\\\":\\\"1719407340029\\\",\\\"driverId\\\":\\\"dd34f340764d4a22845c93b1edeef2b0\\\",\\\"commandName\\\":\\\"getObjectComponentProperty\\\",\\\"error\\\":null,\\\"data\\\":\\\"[[],[[]],[[]],[[]],[[]],[[],[]],[[[],[],[]]],[],[],[[]],[[]],[[]]]\\\",\\\"isNotification\\\":false}\",\"stackTrace\":\"\",\"level\":1}","isNotification":true}
Waiting for element where name contains transform....
command sent: {"component":"UnityEngine.UI.CanvasScaler","property":"transform","assembly":"UnityEngine.UI","maxDepth":2,"altObject":{"name":"Canvas","id":49526,"x":960,"y":540,"z":0,"mobileY":540,"type":"","enabled":true,"worldX":960.0,"worldY":540.0,"worldZ":0.0,"idCamera":49644,"transformParentId":0,"transformId":49820},"messageId":"1719407340759","commandName":"getObjectComponentProperty"}
response received: {"messageId":"1719407340759","driverId":"dd34f340764d4a22845c93b1edeef2b0","commandName":"getObjectComponentProperty","error":null,"data":"[[],[[]],[[]],[[]],[[]],[[],[]],[[[],[],[]]],[],[],[[]],[[]],[[]]]","isNotification":false}
response received: {"messageId":null,"driverId":null,"commandName":"logNotification","error":null,"data":"{\"message\":\"2024-06-26 16:09:01.0498|Tester|DEBUG|response sent: {\\\"messageId\\\":\\\"1719407340759\\\",\\\"driverId\\\":\\\"dd34f340764d4a22845c93b1edeef2b0\\\",\\\"commandName\\\":\\\"getObjectComponentProperty\\\",\\\"error\\\":null,\\\"data\\\":\\\"[[],[[]],[[]],[[]],[[]],[[],[]],[[[],[],[]]],[],[],[[]],[[]],[[]]]\\\",\\\"isNotification\\\":false}\",\"stackTrace\":\"\",\"level\":1}","isNotification":true}
]]></system-out>
  </testcase>
  <testcase name="TestGetComponentPropertyComplexClass" classname="com.alttester.TestsSampleScene1" time="0.754"/>
  <testcase name="testDifferentCamera" classname="com.alttester.TestsSampleScene1" time="1.409"/>
  <testcase name="testWaitForNonExistingElement" classname="com.alttester.TestsSampleScene1" time="1.559"/>
  <testcase name="TestWaitForObjectNotBePresentWithCameraId" classname="com.alttester.TestsSampleScene1" time="5.795"/>
  <testcase name="TestTapElement" classname="com.alttester.TestsSampleScene1" time="0.973"/>
  <testcase name="testSetNonExistingComponentProperty" classname="com.alttester.TestsSampleScene1" time="0.647"/>
  <testcase name="testWaitForCurrentSceneToBeANonExistingScene" classname="com.alttester.TestsSampleScene1" time="1.672"/>
  <testcase name="testPressKeys" classname="com.alttester.TestsSampleScene1" time="1.235"/>
  <testcase name="testGetNonExistingComponentProperty" classname="com.alttester.TestsSampleScene1" time="1.879"/>
  <testcase name="TestUnloadScene" classname="com.alttester.TestsSampleScene1" time="1.08"/>
  <testcase name="testFindElementByComponent" classname="com.alttester.TestsSampleScene1" time="1.668"/>
  <testcase name="TestNonEnglishText" classname="com.alttester.TestsSampleScene1" time="0.65"/>
  <testcase name="TestAcceleration" classname="com.alttester.TestsSampleScene1" time="1.982"/>
  <testcase name="testGetStaticPropertyInstanceNull" classname="com.alttester.TestsSampleScene1" time="0.645"/>
  <testcase name="TestGetSetTimeScale" classname="com.alttester.TestsSampleScene1" time="0.656"/>
  <testcase name="TestTapCoordinates" classname="com.alttester.TestsSampleScene1" time="0.863"/>
  <testcase name="TestWaitForObjectWhichContainsWithTag" classname="com.alttester.TestsSampleScene1" time="0.652"/>
  <testcase name="testDeleteKey" classname="com.alttester.TestsSampleScene1" time="1.193"/>
  <testcase name="testGetComponentPropertyArray" classname="com.alttester.TestsSampleScene1" time="0.647"/>
  <testcase name="TestFindObjectWithTag" classname="com.alttester.TestsSampleScene1" time="1.513"/>
  <testcase name="TestSetFontSizeCallMethodWithParameters" classname="com.alttester.TestsSampleScene1" time="0.757"/>
  <testcase name="TestSetTextWithSubmit" classname="com.alttester.TestsSampleScene1" time="1.086"/>
  <testcase name="TestKeyDownAndKeyUpMouse0" classname="com.alttester.TestsSampleScene1" time="2.347"/>
  <testcase name="testSetStaticProperty2" classname="com.alttester.TestsSampleScene1" time="0.548"/>
  <testcase name="testSetKeyString" classname="com.alttester.TestsSampleScene1" time="0.65"/>
  <testcase name="TestGetApplicationScreenSize" classname="com.alttester.TestsSampleScene1" time="0.536"/>
  <testcase name="testButtonTap" classname="com.alttester.TestsSampleScene1" time="1.188"/>
  <testcase name="TestInvalidPath2" classname="com.alttester.TestsSampleScene1" time="0.544"/>
  <testcase name="TestInvalidPath3" classname="com.alttester.TestsSampleScene1" time="0.545"/>
  <testcase name="TestInvalidPath4" classname="com.alttester.TestsSampleScene1" time="0.435"/>
  <testcase name="TestFindObjectsWithTag" classname="com.alttester.TestsSampleScene1" time="1.315"/>
  <testcase name="testWaitForComponentPropertyComponentNotFound" classname="com.alttester.TestsSampleScene1" time="1.658"/>
  <testcase name="testWaitForExistingElement" classname="com.alttester.TestsSampleScene1" time="0.434"/>
  <testcase name="testSetKeyInt" classname="com.alttester.TestsSampleScene1" time="0.978"/>
  <testcase name="testGetTextCallMethodWithNoParameters" classname="com.alttester.TestsSampleScene1" time="0.65"/>
  <testcase name="testFindNonExistentObject" classname="com.alttester.TestsSampleScene1" time="0.479"/>
  <testcase name="testFindElements" classname="com.alttester.TestsSampleScene1" time="0.427"/>
  <testcase name="TestSetComponentPropertyComplexClass" classname="com.alttester.TestsSampleScene1" time="0.65"/>
  <testcase name="testLodeNonExistentScene" classname="com.alttester.TestsSampleScene1" time="0.54"/>
  <testcase name="testCallMethodWithParameters" classname="com.alttester.TestsSampleScene1" time="0.644"/>
  <testcase name="testKeysDown" classname="com.alttester.TestsSampleScene1" time="0.871"/>
  <testcase name="TestCallStaticMethod" classname="com.alttester.TestsSampleScene1" time="0.753"/>
  <testcase name="TestCallMethodWithMultipleDefinitions" classname="com.alttester.TestsSampleScene1" time="0.865"/>
  <testcase name="testSetComponentProperty" classname="com.alttester.TestsSampleScene1" time="0.759"/>
  <testcase name="TestWaitForComponentPropertyAssemblyNotFound" classname="com.alttester.TestsSampleScene1" time="1.652"/>
  <testcase name="TestCameraNotFoundException" classname="com.alttester.TestsSampleScene1" time="0.434"/>
  <testcase name="testFindElementByComponentWithNamespace" classname="com.alttester.TestsSampleScene1" time="1.651"/>
  <testcase name="TestWaitForComponentPropertyTimeOut" classname="com.alttester.TestsSampleScene1" time="4.368"/>
  <testcase name="testCallMethodWithManyParameters" classname="com.alttester.TestsSampleScene1" time="0.886"/>
  <testcase name="TestCallMethodWithAssembly" classname="com.alttester.TestsSampleScene1" time="0.977"/>
  <testcase name="TestAccelerationAndWait" classname="com.alttester.TestsSampleScene1" time="2.085"/>
  <testcase name="TestInvalidPath" classname="com.alttester.TestsSampleScene1" time="0.437"/>
  <testcase name="TestFindObjectsWithCameraId" classname="com.alttester.TestsSampleScene1" time="1.736"/>
  <testcase name="testSetKeyFloat" classname="com.alttester.TestsSampleScene1" time="0.653"/>
  <testcase name="testSetStaticProperty" classname="com.alttester.TestsSampleScene1" time="0.757"/>
  <testcase name="testResetInput" classname="com.alttester.TestsSampleScene1" time="1.303"/>
  <testcase name="testFindElementAtCoordinates" classname="com.alttester.TestsSampleScene1" time="0.655"/>
  <testcase name="TestWaitForObjectNotBePresentWithTag" classname="com.alttester.TestsSampleScene1" time="5.653"/>
  <testcase name="testWaitForCurrentSceneToBe" classname="com.alttester.TestsSampleScene1" time="0.647"/>
  <testcase name="testCallMethodWithIncorrectNumberOfParameters2" classname="com.alttester.TestsSampleScene1" time="0.538"/>
  <testcase name="testGetComponentProperty" classname="com.alttester.TestsSampleScene1" time="1.556">
    <failure message="expected: &lt;true&gt; but was: &lt;false&gt;" type="org.opentest4j.AssertionFailedError"><![CDATA[org.opentest4j.AssertionFailedError: expected: <true> but was: <false>
	at com.alttester.TestsSampleScene1.testGetComponentProperty(TestsSampleScene1.java:332)
]]></failure>
    <system-out><![CDATA[command sent: {"messageId":"1719407413088","commandName":"resetInput"}
response received: {"messageId":"1719407413088","driverId":"dd34f340764d4a22845c93b1edeef2b0","commandName":"resetInput","error":null,"data":"\"Ok\"","isNotification":false}
command sent: {"loadSingle":true,"sceneName":"Scene 1 AltDriverTestScene","messageId":"1719407413197","commandName":"loadScene"}
response received: {"messageId":null,"driverId":null,"commandName":"logNotification","error":null,"data":"{\"message\":\"2024-06-26 16:10:13.2576|Tester|DEBUG|response sent: {\\\"messageId\\\":\\\"1719407413088\\\",\\\"driverId\\\":\\\"dd34f340764d4a22845c93b1edeef2b0\\\",\\\"commandName\\\":\\\"resetInput\\\",\\\"error\\\":null,\\\"data\\\":\\\"\\\\\\\"Ok\\\\\\\"\\\",\\\"isNotification\\\":false}\",\"stackTrace\":\"\",\"level\":1}","isNotification":true}
response received: {"messageId":"1719407413197","driverId":"dd34f340764d4a22845c93b1edeef2b0","commandName":"loadScene","error":null,"data":"\"Ok\"","isNotification":false}
response received: {"messageId":null,"driverId":null,"commandName":"logNotification","error":null,"data":"{\"message\":\"2024-06-26 16:10:13.3573|Tester|DEBUG|response sent: {\\\"messageId\\\":\\\"1719407413197\\\",\\\"driverId\\\":\\\"dd34f340764d4a22845c93b1edeef2b0\\\",\\\"commandName\\\":\\\"loadScene\\\",\\\"error\\\":null,\\\"data\\\":\\\"\\\\\\\"Ok\\\\\\\"\\\",\\\"isNotification\\\":false}\",\"stackTrace\":\"\",\"level\":1}","isNotification":true}
response received: {"messageId":"1719407413197","driverId":"dd34f340764d4a22845c93b1edeef2b0","commandName":"loadScene","error":null,"data":"\"Scene Loaded\"","isNotification":false}
response received: {"messageId":null,"driverId":null,"commandName":"logNotification","error":null,"data":"{\"message\":\"2024-06-26 16:10:13.4279|Tester|DEBUG|response sent: {\\\"messageId\\\":\\\"1719407413197\\\",\\\"driverId\\\":\\\"dd34f340764d4a22845c93b1edeef2b0\\\",\\\"commandName\\\":\\\"loadScene\\\",\\\"error\\\":null,\\\"data\\\":\\\"\\\\\\\"Scene Loaded\\\\\\\"\\\",\\\"isNotification\\\":false}\",\"stackTrace\":\"\",\"level\":1}","isNotification":true}
command sent: {"by":"NAME","path":"//AltTesterPrefab","cameraBy":"NAME","cameraPath":"//","enabled":true,"value":"AltTesterPrefab","cameraValue":"","messageId":"1719407414424","commandName":"findObject"}
response received: {"messageId":null,"driverId":null,"commandName":"logNotification","error":null,"data":"{\"message\":\"OlfFindObject //AltTesterPrefab\",\"stackTrace\":\"\",\"level\":1}","isNotification":true}
response received: {"messageId":"1719407414424","driverId":"dd34f340764d4a22845c93b1edeef2b0","commandName":"findObject","error":null,"data":"{\"name\":\"AltTesterPrefab\",\"id\":2518,\"x\":1073,\"y\":648,\"z\":15,\"mobileY\":432,\"type\":\"\",\"enabled\":true,\"worldX\":0.0,\"worldY\":0.0,\"worldZ\":0.0,\"idCamera\":90360,\"transformParentId\":0,\"transformId\":2558}","isNotification":false}
response received: {"messageId":null,"driverId":null,"commandName":"logNotification","error":null,"data":"{\"message\":\"2024-06-26 16:10:14.5865|Tester|DEBUG|response sent: {\\\"messageId\\\":\\\"1719407414424\\\",\\\"driverId\\\":\\\"dd34f340764d4a22845c93b1edeef2b0\\\",\\\"commandName\\\":\\\"findObject\\\",\\\"error\\\":null,\\\"data\\\":\\\"{\\\\\\\"name\\\\\\\":\\\\\\\"AltTesterPrefab\\\\\\\",\\\\\\\"id\\\\\\\":2518,\\\\\\\"x\\\\\\\":1073,\\\\\\\"y\\\\\\\":648,\\\\\\\"z\\\\\\\":15,\\\\\\\"mobileY\\\\\\\":432,\\\\\\\"type\\\\\\\":\\\\\\\"\\\\\\\",\\\\\\\"enabled\\\\\\\":true,\\\\\\\"worldX\\\\\\\":0.0,\\\\\\\"worldY\\\\\\\":0.0,\\\\\\\"worldZ\\\\\\\":0.0,\\\\\\\"idCamera\\\\\\\":90360,\\\\\\\"transformParentId\\\\\\\":0,\\\\\\\"transformId\\\\\\\":2558}\\\",\\\"isNotification\\\":false}\",\"stackTrace\":\"\",\"level\":1}","isNotification":true}
command sent: {"component":"AltTester.AltTesterUnitySDK.AltRunner","property":"InstrumentationSettings.ResetConnectionData","assembly":"AltTester.AltTesterUnitySDK","maxDepth":2,"altObject":{"name":"AltTesterPrefab","id":2518,"x":1073,"y":648,"z":15,"mobileY":432,"type":"","enabled":true,"worldX":0.0,"worldY":0.0,"worldZ":0.0,"idCamera":90360,"transformParentId":0,"transformId":2558},"messageId":"1719407414532","commandName":"getObjectComponentProperty"}
response received: {"messageId":"1719407414532","driverId":"dd34f340764d4a22845c93b1edeef2b0","commandName":"getObjectComponentProperty","error":null,"data":"false","isNotification":false}
response received: {"messageId":null,"driverId":null,"commandName":"logNotification","error":null,"data":"{\"message\":\"2024-06-26 16:10:14.6859|Tester|DEBUG|response sent: {\\\"messageId\\\":\\\"1719407414532\\\",\\\"driverId\\\":\\\"dd34f340764d4a22845c93b1edeef2b0\\\",\\\"commandName\\\":\\\"getObjectComponentProperty\\\",\\\"error\\\":null,\\\"data\\\":\\\"false\\\",\\\"isNotification\\\":false}\",\"stackTrace\":\"\",\"level\":1}","isNotification":true}
]]></system-out>
  </testcase>
  <testcase name="TestWaitForObjectWhichContainsWithCameraId" classname="com.alttester.TestsSampleScene1" time="0.758"/>
  <testcase name="testCapsuleTap" classname="com.alttester.TestsSampleScene1" time="0.982"/>
</testsuite>